[2023-03-29 11:54:29] [DEBUG]: [main] Get Slug: about-us
[2023-03-29 11:54:29] [DEBUG]: [jsonDataLoad] Import: /var/www/html/MB-migration/module/layout/Zion/about/data.json
[2023-03-29 11:54:29] [WARNING]: [jsonDataLoad] File does not exist. PATH: /var/www/html/MB-migration/module/layout/Zion/about/data.json
[2023-03-29 11:54:29] [WARNING]: [objectData] Bad Array
[2023-03-29 11:55:51] [DEBUG]: [main] Get Slug: about-us
[2023-03-29 11:55:51] [DEBUG]: [jsonDataLoad] Import: /var/www/html/MB-migration/module/layout/Zion/about/data.json
[2023-03-29 11:55:51] [WARNING]: [jsonDataLoad] File does not exist. PATH: /var/www/html/MB-migration/module/layout/Zion/about/data.json
[2023-03-29 11:55:51] [WARNING]: [objectData] Bad Array
[2023-03-29 11:55:52] [DEBUG]: [main] Get Slug: about-us
[2023-03-29 11:55:52] [DEBUG]: [jsonDataLoad] Import: /var/www/html/MB-migration/module/layout/Zion/about/data.json
[2023-03-29 11:55:52] [WARNING]: [jsonDataLoad] File does not exist. PATH: /var/www/html/MB-migration/module/layout/Zion/about/data.json
[2023-03-29 11:55:52] [WARNING]: [objectData] Bad Array
[2023-03-29 11:55:52] [DEBUG]: [main] Get Slug: about-us
[2023-03-29 11:55:52] [DEBUG]: [jsonDataLoad] Import: /var/www/html/MB-migration/module/layout/Zion/about/data.json
[2023-03-29 11:55:52] [WARNING]: [jsonDataLoad] File does not exist. PATH: /var/www/html/MB-migration/module/layout/Zion/about/data.json
[2023-03-29 11:55:52] [WARNING]: [objectData] Bad Array
[2023-03-29 11:55:53] [DEBUG]: [main] Get Slug: about-us
[2023-03-29 11:55:53] [DEBUG]: [jsonDataLoad] Import: /var/www/html/MB-migration/module/layout/Zion/about/data.json
[2023-03-29 11:55:53] [WARNING]: [jsonDataLoad] File does not exist. PATH: /var/www/html/MB-migration/module/layout/Zion/about/data.json
[2023-03-29 11:55:53] [WARNING]: [objectData] Bad Array
[2023-03-29 11:57:05] [DEBUG]: [main] Get Slug: about-us
[2023-03-29 11:57:05] [DEBUG]: [jsonDataLoad] Import: /var/www/html/MB-migration/module/layout/Zion/about/data.json
[2023-03-29 11:57:05] [WARNING]: [jsonDataLoad] File does not exist. PATH: /var/www/html/MB-migration/module/layout/Zion/about/data.json
[2023-03-29 11:57:05] [WARNING]: [objectData] Bad Array
[2023-03-29 11:59:33] [DEBUG]: [main] Get Slug: about-us
[2023-03-29 11:59:33] [DEBUG]: [jsonDataLoad] Import: /var/www/html/MB-migration/module/layout/Zion/about/data.json
[2023-03-29 11:59:33] [WARNING]: [jsonDataLoad] File does not exist. PATH: /var/www/html/MB-migration/module/layout/Zion/about/data.json
[2023-03-29 11:59:33] [WARNING]: [objectData] Bad Array
[2023-03-29 12:01:09] [DEBUG]: [main] Get Slug: about-us
[2023-03-29 12:01:09] [DEBUG]: [jsonDataLoad] Import: /var/www/html/MB-migration/module/layout/Zion/about/data.json
[2023-03-29 12:01:09] [WARNING]: [jsonDataLoad] File does not exist. PATH: /var/www/html/MB-migration/module/layout/Zion/about/data.json
[2023-03-29 12:01:09] [WARNING]: [objectData] Bad Array
[2023-03-29 12:01:09] [DEBUG]: [main] Get Slug: about-us
[2023-03-29 12:01:09] [DEBUG]: [jsonDataLoad] Import: /var/www/html/MB-migration/module/layout/Zion/about/data.json
[2023-03-29 12:01:09] [WARNING]: [jsonDataLoad] File does not exist. PATH: /var/www/html/MB-migration/module/layout/Zion/about/data.json
[2023-03-29 12:01:09] [WARNING]: [objectData] Bad Array
[2023-03-29 12:01:10] [DEBUG]: [main] Get Slug: about-us
[2023-03-29 12:01:10] [DEBUG]: [jsonDataLoad] Import: /var/www/html/MB-migration/module/layout/Zion/about/data.json
[2023-03-29 12:01:10] [WARNING]: [jsonDataLoad] File does not exist. PATH: /var/www/html/MB-migration/module/layout/Zion/about/data.json
[2023-03-29 12:01:10] [WARNING]: [objectData] Bad Array
[2023-03-29 12:06:52] [DEBUG]: [main] Get Slug: about-us
[2023-03-29 12:08:43] [DEBUG]: [main] Get Slug: about-us
[2023-03-29 12:08:44] [DEBUG]: [main] Get Slug: about-us
[2023-03-29 12:08:45] [DEBUG]: [main] Get Slug: about-us
[2023-03-29 12:08:45] [DEBUG]: [main] Get Slug: about-us
[2023-03-29 12:08:45] [DEBUG]: [main] Get Slug: about-us
[2023-03-29 12:08:45] [DEBUG]: [main] Get Slug: about-us
[2023-03-29 12:08:45] [DEBUG]: [main] Get Slug: about-us
[2023-03-29 12:09:45] [DEBUG]: [main] Get Slug: about-us
[2023-03-29 12:09:45] [DEBUG]: [main] Get Slug: about-us
[2023-03-29 12:09:46] [DEBUG]: [main] Get Slug: about-us
[2023-03-29 12:09:47] [DEBUG]: [main] Get Slug: about-us
[2023-03-29 12:12:19] [DEBUG]: [main] Get Slug: about-us
[2023-03-29 12:12:19] [DEBUG]: [jsonDataLoad] Import: /var/www/html/MB-migration/module/layout/Zion/about/data.json
[2023-03-29 12:12:19] [WARNING]: [jsonDataLoad] File does not exist. PATH: /var/www/html/MB-migration/module/layout/Zion/about/data.json
[2023-03-29 12:12:19] [WARNING]: [objectData] Bad Array
[2023-03-29 12:12:20] [DEBUG]: [main] Get Slug: about-us
[2023-03-29 12:12:20] [DEBUG]: [jsonDataLoad] Import: /var/www/html/MB-migration/module/layout/Zion/about/data.json
[2023-03-29 12:12:20] [WARNING]: [jsonDataLoad] File does not exist. PATH: /var/www/html/MB-migration/module/layout/Zion/about/data.json
[2023-03-29 12:12:20] [WARNING]: [objectData] Bad Array
[2023-03-29 12:13:31] [DEBUG]: [main] Get Slug: about-us
[2023-03-29 12:13:31] [DEBUG]: [jsonDataLoad] Import: /var/www/html/MB-migration/module/layout/Zion/about/data.json
[2023-03-29 12:13:31] [WARNING]: [jsonDataLoad] File does not exist. PATH: /var/www/html/MB-migration/module/layout/Zion/about/data.json
[2023-03-29 12:13:31] [WARNING]: [objectData] Bad Array
[2023-03-29 12:13:35] [DEBUG]: [main] Get Slug: about-us
[2023-03-29 12:13:35] [DEBUG]: [jsonDataLoad] Import: /var/www/html/MB-migration/module/layout/Zion/about/data.json
[2023-03-29 12:13:35] [WARNING]: [jsonDataLoad] File does not exist. PATH: /var/www/html/MB-migration/module/layout/Zion/about/data.json
[2023-03-29 12:13:35] [WARNING]: [objectData] Bad Array
[2023-03-29 12:16:18] [DEBUG]: [main] Get Slug: about-us
[2023-03-29 12:16:18] [DEBUG]: [jsonDataLoad] Import: /var/www/html/MB-migration/module/../layout/Zion/about/data.json
[2023-03-29 12:16:18] [DEBUG]: [main] Page Id: 4097
[2023-03-29 12:16:18] [DEBUG]: [main] Page Id: 4091
[2023-03-29 12:16:18] [DEBUG]: [main] Section Id: 13641
[2023-03-29 12:16:18] [DEBUG]: [main] Category: text
[2023-03-29 12:16:18] [DEBUG]: [main] Page Id: 4093
[2023-03-29 12:16:18] [DEBUG]: [main] Section Id: 104422
[2023-03-29 12:16:18] [DEBUG]: [main] Category: list ID: 104422
[2023-03-29 12:16:18] [DEBUG]: [main] Page Id: 4095
[2023-03-29 12:16:18] [DEBUG]: [main] Section Id: 104490
[2023-03-29 12:16:18] [DEBUG]: [main] Category: text
[2023-03-29 12:16:18] [DEBUG]: [main] Page Id: 4096
[2023-03-29 12:16:18] [DEBUG]: [main] Section Id: 104534
[2023-03-29 12:16:18] [DEBUG]: [main] Category: text
[2023-03-29 12:16:18] [DEBUG]: [main] Page Id: 49814
[2023-03-29 12:16:18] [DEBUG]: [main] Section Id: 160763
[2023-03-29 12:16:18] [DEBUG]: [main] Category: text
[2023-03-29 12:17:19] [DEBUG]: [main] Get Slug: about-us
[2023-03-29 12:17:19] [DEBUG]: [jsonDataLoad] Import: /var/www/html/MB-migration/module/../layout/Zion/about/data.json
[2023-03-29 12:17:19] [DEBUG]: [main] Page Id: 4097
[2023-03-29 12:17:19] [DEBUG]: [main] Page Id: 4091
[2023-03-29 12:17:19] [DEBUG]: [main] Section Id: 13641
[2023-03-29 12:17:19] [DEBUG]: [main] Category: text
[2023-03-29 12:17:19] [DEBUG]: [main] Page Id: 4093
[2023-03-29 12:17:19] [DEBUG]: [main] Section Id: 104422
[2023-03-29 12:17:19] [DEBUG]: [main] Category: list ID: 104422
[2023-03-29 12:17:19] [DEBUG]: [main] Page Id: 4095
[2023-03-29 12:17:19] [DEBUG]: [main] Section Id: 104490
[2023-03-29 12:17:19] [DEBUG]: [main] Category: text
[2023-03-29 12:17:19] [DEBUG]: [main] Page Id: 4096
[2023-03-29 12:17:19] [DEBUG]: [main] Section Id: 104534
[2023-03-29 12:17:19] [DEBUG]: [main] Category: text
[2023-03-29 12:17:19] [DEBUG]: [main] Page Id: 49814
[2023-03-29 12:17:19] [DEBUG]: [main] Section Id: 160763
[2023-03-29 12:17:19] [DEBUG]: [main] Category: text
[2023-03-29 12:17:50] [DEBUG]: [main] Get Slug: about-us
[2023-03-29 12:17:50] [DEBUG]: [jsonDataLoad] Import: /var/www/html/MB-migration/module/../layout/Zion/about/data.json
[2023-03-29 12:17:50] [DEBUG]: [main] Page Id: 4097
[2023-03-29 12:17:50] [DEBUG]: [main] Page Id: 4091
[2023-03-29 12:17:50] [DEBUG]: [main] Section Id: 13641
[2023-03-29 12:17:50] [DEBUG]: [main] Category: text
[2023-03-29 12:17:50] [DEBUG]: [main] Page Id: 4093
[2023-03-29 12:17:50] [DEBUG]: [main] Section Id: 104422
[2023-03-29 12:17:50] [DEBUG]: [main] Category: list ID: 104422
[2023-03-29 12:17:50] [DEBUG]: [main] Page Id: 4095
[2023-03-29 12:17:50] [DEBUG]: [main] Section Id: 104490
[2023-03-29 12:17:50] [DEBUG]: [main] Category: text
[2023-03-29 12:17:50] [DEBUG]: [main] Page Id: 4096
[2023-03-29 12:17:50] [DEBUG]: [main] Section Id: 104534
[2023-03-29 12:17:50] [DEBUG]: [main] Category: text
[2023-03-29 12:17:50] [DEBUG]: [main] Page Id: 49814
[2023-03-29 12:17:50] [DEBUG]: [main] Section Id: 160763
[2023-03-29 12:17:50] [DEBUG]: [main] Category: text
[2023-03-29 12:17:50] [DEBUG]: [main] Get Slug: about-us
[2023-03-29 12:17:50] [DEBUG]: [jsonDataLoad] Import: /var/www/html/MB-migration/module/../layout/Zion/about/data.json
[2023-03-29 12:17:50] [DEBUG]: [main] Page Id: 4097
[2023-03-29 12:17:50] [DEBUG]: [main] Page Id: 4091
[2023-03-29 12:17:50] [DEBUG]: [main] Section Id: 13641
[2023-03-29 12:17:50] [DEBUG]: [main] Category: text
[2023-03-29 12:17:50] [DEBUG]: [main] Page Id: 4093
[2023-03-29 12:17:50] [DEBUG]: [main] Section Id: 104422
[2023-03-29 12:17:50] [DEBUG]: [main] Category: list ID: 104422
[2023-03-29 12:17:50] [DEBUG]: [main] Page Id: 4095
[2023-03-29 12:17:50] [DEBUG]: [main] Section Id: 104490
[2023-03-29 12:17:50] [DEBUG]: [main] Category: text
[2023-03-29 12:17:50] [DEBUG]: [main] Page Id: 4096
[2023-03-29 12:17:50] [DEBUG]: [main] Section Id: 104534
[2023-03-29 12:17:50] [DEBUG]: [main] Category: text
[2023-03-29 12:17:51] [DEBUG]: [main] Page Id: 49814
[2023-03-29 12:17:51] [DEBUG]: [main] Section Id: 160763
[2023-03-29 12:17:51] [DEBUG]: [main] Category: text
[2023-03-29 12:17:51] [DEBUG]: [main] Get Slug: about-us
[2023-03-29 12:17:51] [DEBUG]: [jsonDataLoad] Import: /var/www/html/MB-migration/module/../layout/Zion/about/data.json
[2023-03-29 12:17:51] [DEBUG]: [main] Page Id: 4097
[2023-03-29 12:17:51] [DEBUG]: [main] Page Id: 4091
[2023-03-29 12:17:51] [DEBUG]: [main] Section Id: 13641
[2023-03-29 12:17:51] [DEBUG]: [main] Category: text
[2023-03-29 12:17:51] [DEBUG]: [main] Page Id: 4093
[2023-03-29 12:17:51] [DEBUG]: [main] Section Id: 104422
[2023-03-29 12:17:51] [DEBUG]: [main] Category: list ID: 104422
[2023-03-29 12:17:51] [DEBUG]: [main] Page Id: 4095
[2023-03-29 12:17:51] [DEBUG]: [main] Section Id: 104490
[2023-03-29 12:17:51] [DEBUG]: [main] Category: text
[2023-03-29 12:17:51] [DEBUG]: [main] Page Id: 4096
[2023-03-29 12:17:51] [DEBUG]: [main] Section Id: 104534
[2023-03-29 12:17:51] [DEBUG]: [main] Category: text
[2023-03-29 12:17:51] [DEBUG]: [main] Page Id: 49814
[2023-03-29 12:17:51] [DEBUG]: [main] Section Id: 160763
[2023-03-29 12:17:51] [DEBUG]: [main] Category: text
[2023-03-29 12:17:51] [DEBUG]: [main] Get Slug: about-us
[2023-03-29 12:17:51] [DEBUG]: [jsonDataLoad] Import: /var/www/html/MB-migration/module/../layout/Zion/about/data.json
[2023-03-29 12:17:51] [DEBUG]: [main] Page Id: 4097
[2023-03-29 12:17:51] [DEBUG]: [main] Page Id: 4091
[2023-03-29 12:17:51] [DEBUG]: [main] Section Id: 13641
[2023-03-29 12:17:51] [DEBUG]: [main] Category: text
[2023-03-29 12:17:51] [DEBUG]: [main] Page Id: 4093
[2023-03-29 12:17:51] [DEBUG]: [main] Section Id: 104422
[2023-03-29 12:17:51] [DEBUG]: [main] Category: list ID: 104422
[2023-03-29 12:17:51] [DEBUG]: [main] Page Id: 4095
[2023-03-29 12:17:51] [DEBUG]: [main] Section Id: 104490
[2023-03-29 12:17:51] [DEBUG]: [main] Category: text
[2023-03-29 12:17:51] [DEBUG]: [main] Page Id: 4096
[2023-03-29 12:17:51] [DEBUG]: [main] Section Id: 104534
[2023-03-29 12:17:51] [DEBUG]: [main] Category: text
[2023-03-29 12:17:51] [DEBUG]: [main] Page Id: 49814
[2023-03-29 12:17:51] [DEBUG]: [main] Section Id: 160763
[2023-03-29 12:17:51] [DEBUG]: [main] Category: text
[2023-03-29 12:17:52] [DEBUG]: [main] Get Slug: about-us
[2023-03-29 12:17:52] [DEBUG]: [jsonDataLoad] Import: /var/www/html/MB-migration/module/../layout/Zion/about/data.json
[2023-03-29 12:17:52] [DEBUG]: [main] Page Id: 4097
[2023-03-29 12:17:52] [DEBUG]: [main] Page Id: 4091
[2023-03-29 12:17:52] [DEBUG]: [main] Section Id: 13641
[2023-03-29 12:17:52] [DEBUG]: [main] Category: text
[2023-03-29 12:17:52] [DEBUG]: [main] Page Id: 4093
[2023-03-29 12:17:52] [DEBUG]: [main] Section Id: 104422
[2023-03-29 12:17:52] [DEBUG]: [main] Category: list ID: 104422
[2023-03-29 12:17:52] [DEBUG]: [main] Page Id: 4095
[2023-03-29 12:17:52] [DEBUG]: [main] Section Id: 104490
[2023-03-29 12:17:52] [DEBUG]: [main] Category: text
[2023-03-29 12:17:52] [DEBUG]: [main] Page Id: 4096
[2023-03-29 12:17:52] [DEBUG]: [main] Section Id: 104534
[2023-03-29 12:17:52] [DEBUG]: [main] Category: text
[2023-03-29 12:17:52] [DEBUG]: [main] Page Id: 49814
[2023-03-29 12:17:52] [DEBUG]: [main] Section Id: 160763
[2023-03-29 12:17:52] [DEBUG]: [main] Category: text
[2023-03-29 12:17:52] [DEBUG]: [main] Get Slug: about-us
[2023-03-29 12:17:52] [DEBUG]: [jsonDataLoad] Import: /var/www/html/MB-migration/module/../layout/Zion/about/data.json
[2023-03-29 12:17:52] [DEBUG]: [main] Page Id: 4097
[2023-03-29 12:17:52] [DEBUG]: [main] Page Id: 4091
[2023-03-29 12:17:52] [DEBUG]: [main] Section Id: 13641
[2023-03-29 12:17:52] [DEBUG]: [main] Category: text
[2023-03-29 12:17:52] [DEBUG]: [main] Page Id: 4093
[2023-03-29 12:17:52] [DEBUG]: [main] Section Id: 104422
[2023-03-29 12:17:52] [DEBUG]: [main] Category: list ID: 104422
[2023-03-29 12:17:52] [DEBUG]: [main] Page Id: 4095
[2023-03-29 12:17:52] [DEBUG]: [main] Section Id: 104490
[2023-03-29 12:17:52] [DEBUG]: [main] Category: text
[2023-03-29 12:17:52] [DEBUG]: [main] Page Id: 4096
[2023-03-29 12:17:52] [DEBUG]: [main] Section Id: 104534
[2023-03-29 12:17:52] [DEBUG]: [main] Category: text
[2023-03-29 12:17:52] [DEBUG]: [main] Page Id: 49814
[2023-03-29 12:17:52] [DEBUG]: [main] Section Id: 160763
[2023-03-29 12:17:52] [DEBUG]: [main] Category: text
[2023-03-29 12:17:52] [DEBUG]: [main] Get Slug: about-us
[2023-03-29 12:17:52] [DEBUG]: [jsonDataLoad] Import: /var/www/html/MB-migration/module/../layout/Zion/about/data.json
[2023-03-29 12:17:52] [DEBUG]: [main] Page Id: 4097
[2023-03-29 12:17:52] [DEBUG]: [main] Page Id: 4091
[2023-03-29 12:17:52] [DEBUG]: [main] Section Id: 13641
[2023-03-29 12:17:52] [DEBUG]: [main] Category: text
[2023-03-29 12:17:52] [DEBUG]: [main] Page Id: 4093
[2023-03-29 12:17:52] [DEBUG]: [main] Section Id: 104422
[2023-03-29 12:17:52] [DEBUG]: [main] Category: list ID: 104422
[2023-03-29 12:17:52] [DEBUG]: [main] Page Id: 4095
[2023-03-29 12:17:52] [DEBUG]: [main] Section Id: 104490
[2023-03-29 12:17:52] [DEBUG]: [main] Category: text
[2023-03-29 12:17:52] [DEBUG]: [main] Page Id: 4096
[2023-03-29 12:17:52] [DEBUG]: [main] Section Id: 104534
[2023-03-29 12:17:52] [DEBUG]: [main] Category: text
[2023-03-29 12:17:52] [DEBUG]: [main] Page Id: 49814
[2023-03-29 12:17:52] [DEBUG]: [main] Section Id: 160763
[2023-03-29 12:17:52] [DEBUG]: [main] Category: text
[2023-03-29 12:18:15] [DEBUG]: [main] Get Slug: about-us
[2023-03-29 12:18:15] [DEBUG]: [jsonDataLoad] Import: /var/www/html/MB-migration/module/../layout/Zion/about/data.json
[2023-03-29 12:18:15] [DEBUG]: [main] Page Id: 4097
[2023-03-29 12:18:15] [DEBUG]: [main] Page Id: 4091
[2023-03-29 12:18:15] [DEBUG]: [main] Section Id: 13641
[2023-03-29 12:18:15] [DEBUG]: [main] Category: text
[2023-03-29 12:18:15] [DEBUG]: [main] Page Id: 4093
[2023-03-29 12:18:15] [DEBUG]: [main] Section Id: 104422
[2023-03-29 12:18:15] [DEBUG]: [main] Category: list ID: 104422
[2023-03-29 12:18:15] [DEBUG]: [main] Page Id: 4095
[2023-03-29 12:18:15] [DEBUG]: [main] Section Id: 104490
[2023-03-29 12:18:15] [DEBUG]: [main] Category: text
[2023-03-29 12:18:15] [DEBUG]: [main] Page Id: 4096
[2023-03-29 12:18:15] [DEBUG]: [main] Section Id: 104534
[2023-03-29 12:18:15] [DEBUG]: [main] Category: text
[2023-03-29 12:18:15] [DEBUG]: [main] Page Id: 49814
[2023-03-29 12:18:15] [DEBUG]: [main] Section Id: 160763
[2023-03-29 12:18:15] [DEBUG]: [main] Category: text
[2023-03-29 12:23:37] [DEBUG]: [main] Get Slug: about-us
[2023-03-29 12:23:37] [DEBUG]: [jsonDataLoad] Import: /var/www/html/MB-migration/module/../layout/Zion/about/data.json
[2023-03-29 12:23:37] [DEBUG]: [main] Page Id: 4097
[2023-03-29 12:23:37] [DEBUG]: [main] Page Id: 4091
[2023-03-29 12:23:37] [DEBUG]: [main] Section Id: 13641
[2023-03-29 12:23:37] [DEBUG]: [main] Category: text
[2023-03-29 12:23:37] [DEBUG]: [main] Page Id: 4093
[2023-03-29 12:23:37] [DEBUG]: [main] Section Id: 104422
[2023-03-29 12:23:37] [DEBUG]: [main] Category: list ID: 104422
[2023-03-29 12:23:37] [DEBUG]: [main] Page Id: 4095
[2023-03-29 12:23:37] [DEBUG]: [main] Section Id: 104490
[2023-03-29 12:23:37] [DEBUG]: [main] Category: text
[2023-03-29 12:23:37] [DEBUG]: [main] Page Id: 4096
[2023-03-29 12:23:37] [DEBUG]: [main] Section Id: 104534
[2023-03-29 12:23:37] [DEBUG]: [main] Category: text
[2023-03-29 12:23:37] [DEBUG]: [main] Page Id: 49814
[2023-03-29 12:23:37] [DEBUG]: [main] Section Id: 160763
[2023-03-29 12:23:37] [DEBUG]: [main] Category: text
[2023-03-29 12:25:00] [DEBUG]: [main] Get Slug: about-us
[2023-03-29 12:25:00] [DEBUG]: [jsonDataLoad] Import: /var/www/html/MB-migration/module/../layout/Zion/about/data.json
[2023-03-29 12:25:00] [DEBUG]: [main] Page Id: 4097
[2023-03-29 12:25:00] [DEBUG]: [main] Page Id: 4091
[2023-03-29 12:25:00] [DEBUG]: [main] Section Id: 13641
[2023-03-29 12:25:00] [DEBUG]: [main] Category: text
[2023-03-29 12:25:00] [DEBUG]: [main] Page Id: 4093
[2023-03-29 12:25:00] [DEBUG]: [main] Section Id: 104422
[2023-03-29 12:25:00] [DEBUG]: [main] Category: list ID: 104422
[2023-03-29 12:25:00] [DEBUG]: [main] Page Id: 4095
[2023-03-29 12:25:00] [DEBUG]: [main] Section Id: 104490
[2023-03-29 12:25:00] [DEBUG]: [main] Category: text
[2023-03-29 12:25:00] [DEBUG]: [main] Page Id: 4096
[2023-03-29 12:25:00] [DEBUG]: [main] Section Id: 104534
[2023-03-29 12:25:00] [DEBUG]: [main] Category: text
[2023-03-29 12:25:00] [DEBUG]: [main] Page Id: 49814
[2023-03-29 12:25:00] [DEBUG]: [main] Section Id: 160763
[2023-03-29 12:25:00] [DEBUG]: [main] Category: text
[2023-03-29 12:30:18] [DEBUG]: [main] Get Slug: about-us
[2023-03-29 12:30:18] [DEBUG]: [jsonDataLoad] Import: /var/www/html/MB-migration/module/../layout/Zion/about/data.json
[2023-03-29 12:30:18] [DEBUG]: [main] Page Id: 4097
[2023-03-29 12:30:18] [DEBUG]: [main] Page Id: 4091
[2023-03-29 12:30:18] [DEBUG]: [main] Section Id: 13641
[2023-03-29 12:30:18] [DEBUG]: [main] Category: text
[2023-03-29 12:30:18] [DEBUG]: [main] Page Id: 4093
[2023-03-29 12:30:18] [DEBUG]: [main] Section Id: 104422
[2023-03-29 12:30:18] [DEBUG]: [main] Category: list ID: 104422
[2023-03-29 12:30:18] [DEBUG]: [main] Page Id: 4095
[2023-03-29 12:30:18] [DEBUG]: [main] Section Id: 104490
[2023-03-29 12:30:18] [DEBUG]: [main] Category: text
[2023-03-29 12:30:18] [DEBUG]: [main] Page Id: 4096
[2023-03-29 12:30:18] [DEBUG]: [main] Section Id: 104534
[2023-03-29 12:30:18] [DEBUG]: [main] Category: text
[2023-03-29 12:30:18] [DEBUG]: [main] Page Id: 49814
[2023-03-29 12:30:18] [DEBUG]: [main] Section Id: 160763
[2023-03-29 12:30:18] [DEBUG]: [main] Category: text
[2023-03-29 12:30:25] [DEBUG]: [main] Get Slug: about-us
[2023-03-29 12:30:25] [DEBUG]: [jsonDataLoad] Import: /var/www/html/MB-migration/module/../layout/Zion/about/data.json
[2023-03-29 12:30:25] [DEBUG]: [main] Page Id: 4097
[2023-03-29 12:30:25] [DEBUG]: [main] Page Id: 4091
[2023-03-29 12:30:25] [DEBUG]: [main] Section Id: 13641
[2023-03-29 12:30:25] [DEBUG]: [main] Category: text
[2023-03-29 12:30:25] [DEBUG]: [main] Page Id: 4093
[2023-03-29 12:30:25] [DEBUG]: [main] Section Id: 104422
[2023-03-29 12:30:25] [DEBUG]: [main] Category: list ID: 104422
[2023-03-29 12:30:25] [DEBUG]: [main] Page Id: 4095
[2023-03-29 12:30:25] [DEBUG]: [main] Section Id: 104490
[2023-03-29 12:30:25] [DEBUG]: [main] Category: text
[2023-03-29 12:30:25] [DEBUG]: [main] Page Id: 4096
[2023-03-29 12:30:25] [DEBUG]: [main] Section Id: 104534
[2023-03-29 12:30:25] [DEBUG]: [main] Category: text
[2023-03-29 12:30:25] [DEBUG]: [main] Page Id: 49814
[2023-03-29 12:30:25] [DEBUG]: [main] Section Id: 160763
[2023-03-29 12:30:25] [DEBUG]: [main] Category: text
[2023-03-29 12:44:01] [DEBUG]: [main] Get Slug: about-us
[2023-03-29 12:44:01] [DEBUG]: [jsonDataLoad] Import: /var/www/html/MB-migration/module/../layout/Zion/about/data.json
[2023-03-29 12:44:01] [DEBUG]: [main] Page Id: 4097
[2023-03-29 12:44:01] [DEBUG]: [main] Page Id: 4091
[2023-03-29 12:44:01] [DEBUG]: [main] Section Id: 13641
[2023-03-29 12:44:01] [DEBUG]: [main] Category: text
[2023-03-29 12:44:01] [DEBUG]: [main] Page Id: 4093
[2023-03-29 12:44:01] [DEBUG]: [main] Section Id: 104422
[2023-03-29 12:44:01] [DEBUG]: [main] Category: list ID: 104422
[2023-03-29 12:44:01] [DEBUG]: [main] Page Id: 4095
[2023-03-29 12:44:01] [DEBUG]: [main] Section Id: 104490
[2023-03-29 12:44:01] [DEBUG]: [main] Category: text
[2023-03-29 12:44:01] [DEBUG]: [main] Page Id: 4096
[2023-03-29 12:44:01] [DEBUG]: [main] Section Id: 104534
[2023-03-29 12:44:01] [DEBUG]: [main] Category: text
[2023-03-29 12:44:01] [DEBUG]: [main] Page Id: 49814
[2023-03-29 12:44:01] [DEBUG]: [main] Section Id: 160763
[2023-03-29 12:44:01] [DEBUG]: [main] Category: text
[2023-03-29 12:55:40] [DEBUG]: [main] Get Slug: about-us
[2023-03-29 12:55:40] [DEBUG]: [jsonDataLoad] Import: /var/www/html/MB-migration/module/../layout/Zion/about/data.json
[2023-03-29 12:55:40] [DEBUG]: [main] Page Id: 4097
[2023-03-29 12:55:40] [DEBUG]: [main] Page Id: 4091
[2023-03-29 12:55:40] [DEBUG]: [main] Section Id: 13641
[2023-03-29 12:55:40] [DEBUG]: [main] Category: text
[2023-03-29 12:55:40] [DEBUG]: [main] Page Id: 4093
[2023-03-29 12:55:40] [DEBUG]: [main] Section Id: 104422
[2023-03-29 12:55:40] [DEBUG]: [main] Category: list ID: 104422
[2023-03-29 12:55:40] [DEBUG]: [main] Page Id: 4095
[2023-03-29 12:55:40] [DEBUG]: [main] Section Id: 104490
[2023-03-29 12:55:40] [DEBUG]: [main] Category: text
[2023-03-29 12:55:40] [DEBUG]: [main] Page Id: 4096
[2023-03-29 12:55:40] [DEBUG]: [main] Section Id: 104534
[2023-03-29 12:55:40] [DEBUG]: [main] Category: text
[2023-03-29 12:55:40] [DEBUG]: [main] Page Id: 49814
[2023-03-29 12:55:40] [DEBUG]: [main] Section Id: 160763
[2023-03-29 12:55:40] [DEBUG]: [main] Category: text
[2023-03-29 13:24:56] [DEBUG]: [main] Get Slug: about-us
[2023-03-29 13:24:56] [DEBUG]: [jsonDataLoad] Import: /var/www/html/MB-migration/module/../layout/Zion/about/data.json
[2023-03-29 13:24:56] [DEBUG]: [main] Page Id: 4097
[2023-03-29 13:24:56] [DEBUG]: [main] Page Id: 4091
[2023-03-29 13:24:56] [DEBUG]: [main] Section Id: 13641
[2023-03-29 13:24:56] [DEBUG]: [main] Category: text
[2023-03-29 13:24:56] [DEBUG]: [main] Page Id: 4093
[2023-03-29 13:24:56] [DEBUG]: [main] Section Id: 104422
[2023-03-29 13:24:56] [DEBUG]: [main] Category: list ID: 104422
[2023-03-29 13:24:56] [DEBUG]: [main] Page Id: 4095
[2023-03-29 13:24:56] [DEBUG]: [main] Section Id: 104490
[2023-03-29 13:24:56] [DEBUG]: [main] Category: text
[2023-03-29 13:24:56] [DEBUG]: [main] Page Id: 4096
[2023-03-29 13:24:56] [DEBUG]: [main] Section Id: 104534
[2023-03-29 13:24:56] [DEBUG]: [main] Category: text
[2023-03-29 13:24:56] [DEBUG]: [main] Page Id: 49814
[2023-03-29 13:24:56] [DEBUG]: [main] Section Id: 160763
[2023-03-29 13:24:56] [DEBUG]: [main] Category: text
[2023-03-29 13:29:26] [DEBUG]: [main] Get Slug: about-us
[2023-03-29 13:29:26] [DEBUG]: [jsonDataLoad] Import: /var/www/html/MB-migration/module/../layout/Zion/about/data.json
[2023-03-29 13:29:26] [DEBUG]: [main] Page Id: 4097
[2023-03-29 13:29:26] [DEBUG]: [main] Page Id: 4091
[2023-03-29 13:29:26] [DEBUG]: [main] Section Id: 13641
[2023-03-29 13:29:26] [DEBUG]: [main] Category: text
[2023-03-29 13:29:26] [DEBUG]: [main] Page Id: 4093
[2023-03-29 13:29:26] [DEBUG]: [main] Section Id: 104422
[2023-03-29 13:29:26] [DEBUG]: [main] Category: list ID: 104422
[2023-03-29 13:29:26] [DEBUG]: [main] Page Id: 4095
[2023-03-29 13:29:26] [DEBUG]: [main] Section Id: 104490
[2023-03-29 13:29:26] [DEBUG]: [main] Category: text
[2023-03-29 13:29:26] [DEBUG]: [main] Page Id: 4096
[2023-03-29 13:29:26] [DEBUG]: [main] Section Id: 104534
[2023-03-29 13:29:26] [DEBUG]: [main] Category: text
[2023-03-29 13:29:26] [DEBUG]: [main] Page Id: 49814
[2023-03-29 13:29:26] [DEBUG]: [main] Section Id: 160763
[2023-03-29 13:29:26] [DEBUG]: [main] Category: text
[2023-03-29 13:31:15] [DEBUG]: [main] Get Slug: about-us
[2023-03-29 13:31:15] [DEBUG]: [jsonDataLoad] Import: /var/www/html/MB-migration/module/../layout/Zion/about/data.json
[2023-03-29 13:31:15] [DEBUG]: [main] Page Id: 4097
[2023-03-29 13:31:15] [DEBUG]: [main] Page Id: 4091
[2023-03-29 13:31:15] [DEBUG]: [main] Section Id: 13641
[2023-03-29 13:31:15] [DEBUG]: [main] Category: text
[2023-03-29 13:31:15] [DEBUG]: [main] Page Id: 4093
[2023-03-29 13:31:15] [DEBUG]: [main] Section Id: 104422
[2023-03-29 13:31:15] [DEBUG]: [main] Category: list ID: 104422
[2023-03-29 13:31:15] [DEBUG]: [main] Page Id: 4095
[2023-03-29 13:31:15] [DEBUG]: [main] Section Id: 104490
[2023-03-29 13:31:15] [DEBUG]: [main] Category: text
[2023-03-29 13:31:15] [DEBUG]: [main] Page Id: 4096
[2023-03-29 13:31:15] [DEBUG]: [main] Section Id: 104534
[2023-03-29 13:31:15] [DEBUG]: [main] Category: text
[2023-03-29 13:31:15] [DEBUG]: [main] Page Id: 49814
[2023-03-29 13:31:15] [DEBUG]: [main] Section Id: 160763
[2023-03-29 13:31:15] [DEBUG]: [main] Category: text
[2023-03-29 13:49:13] [DEBUG]: [main] Get Slug: about-us
[2023-03-29 13:49:13] [DEBUG]: [jsonDataLoad] Import: /var/www/html/MB-migration/module/../layout/Zion/about/data.json
[2023-03-29 13:49:13] [DEBUG]: [main] Page Id: 4097
[2023-03-29 13:49:13] [DEBUG]: [main] Page Id: 4091
[2023-03-29 13:49:13] [DEBUG]: [main] Section Id: 13641
[2023-03-29 13:49:13] [DEBUG]: [main] Category: text
[2023-03-29 13:49:13] [DEBUG]: [main] Page Id: 4093
[2023-03-29 13:49:13] [DEBUG]: [main] Section Id: 104422
[2023-03-29 13:49:13] [DEBUG]: [main] Category: list ID: 104422
[2023-03-29 13:49:13] [DEBUG]: [main] Page Id: 4095
[2023-03-29 13:49:13] [DEBUG]: [main] Section Id: 104490
[2023-03-29 13:49:13] [DEBUG]: [main] Category: text
[2023-03-29 13:49:13] [DEBUG]: [main] Page Id: 4096
[2023-03-29 13:49:13] [DEBUG]: [main] Section Id: 104534
[2023-03-29 13:49:13] [DEBUG]: [main] Category: text
[2023-03-29 13:49:13] [DEBUG]: [main] Page Id: 49814
[2023-03-29 13:49:13] [DEBUG]: [main] Section Id: 160763
[2023-03-29 13:49:13] [DEBUG]: [main] Category: text
[2023-03-29 13:59:22] [DEBUG]: [main] Get Slug: about-us
[2023-03-29 13:59:22] [DEBUG]: [jsonDataLoad] Import: /var/www/html/MB-migration/module/../layout/Zion/about/data.json
[2023-03-29 13:59:22] [DEBUG]: [main] Page Id: 4097
[2023-03-29 13:59:22] [DEBUG]: [main] Page Id: 4091
[2023-03-29 13:59:22] [DEBUG]: [main] Section Id: 13641
[2023-03-29 13:59:22] [DEBUG]: [main] Category: text
[2023-03-29 13:59:22] [DEBUG]: [main] Page Id: 4093
[2023-03-29 13:59:22] [DEBUG]: [main] Section Id: 104422
[2023-03-29 13:59:22] [DEBUG]: [main] Category: list ID: 104422
[2023-03-29 13:59:22] [DEBUG]: [main] Page Id: 4095
[2023-03-29 13:59:22] [DEBUG]: [main] Section Id: 104490
[2023-03-29 13:59:22] [DEBUG]: [main] Category: text
[2023-03-29 13:59:22] [DEBUG]: [main] Page Id: 4096
[2023-03-29 13:59:22] [DEBUG]: [main] Section Id: 104534
[2023-03-29 13:59:22] [DEBUG]: [main] Category: text
[2023-03-29 13:59:22] [DEBUG]: [main] Page Id: 49814
[2023-03-29 13:59:22] [DEBUG]: [main] Section Id: 160763
[2023-03-29 13:59:22] [DEBUG]: [main] Category: text
[2023-03-29 14:10:38] [DEBUG]: [main] Get Slug: about-us
[2023-03-29 14:10:38] [DEBUG]: [jsonDataLoad] Import: /var/www/html/MB-migration/module/../layout/Zion/about/data.json
[2023-03-29 14:10:38] [DEBUG]: [main] Page Id: 4097
[2023-03-29 14:10:38] [DEBUG]: [main] Page Id: 4091
[2023-03-29 14:10:38] [DEBUG]: [main] Section Id: 13641
[2023-03-29 14:10:38] [DEBUG]: [main] Category: text
[2023-03-29 14:10:38] [DEBUG]: [main] Page Id: 4093
[2023-03-29 14:10:38] [DEBUG]: [main] Section Id: 104422
[2023-03-29 14:10:38] [DEBUG]: [main] Category: list ID: 104422
[2023-03-29 14:10:38] [DEBUG]: [main] Page Id: 4095
[2023-03-29 14:10:38] [DEBUG]: [main] Section Id: 104490
[2023-03-29 14:10:38] [DEBUG]: [main] Category: text
[2023-03-29 14:10:38] [DEBUG]: [main] Page Id: 4096
[2023-03-29 14:10:38] [DEBUG]: [main] Section Id: 104534
[2023-03-29 14:10:38] [DEBUG]: [main] Category: text
[2023-03-29 14:10:38] [DEBUG]: [main] Page Id: 49814
[2023-03-29 14:10:38] [DEBUG]: [main] Section Id: 160763
[2023-03-29 14:10:38] [DEBUG]: [main] Category: text
[2023-03-29 14:15:23] [DEBUG]: [main] Get Slug: about-us
[2023-03-29 14:15:23] [DEBUG]: [jsonDataLoad] Import: /var/www/html/MB-migration/module/../layout/Zion/about/data.json
[2023-03-29 14:15:23] [DEBUG]: [main] Page Id: 4097
[2023-03-29 14:15:23] [DEBUG]: [main] Page Id: 4091
[2023-03-29 14:15:23] [DEBUG]: [main] Section Id: 13641
[2023-03-29 14:15:23] [DEBUG]: [main] Category: text
[2023-03-29 14:15:23] [DEBUG]: [main] Page Id: 4093
[2023-03-29 14:15:23] [DEBUG]: [main] Section Id: 104422
[2023-03-29 14:15:23] [DEBUG]: [main] Category: list ID: 104422
[2023-03-29 14:15:23] [DEBUG]: [main] Page Id: 4095
[2023-03-29 14:15:23] [DEBUG]: [main] Section Id: 104490
[2023-03-29 14:15:23] [DEBUG]: [main] Category: text
[2023-03-29 14:15:23] [DEBUG]: [main] Page Id: 4096
[2023-03-29 14:15:23] [DEBUG]: [main] Section Id: 104534
[2023-03-29 14:15:23] [DEBUG]: [main] Category: text
[2023-03-29 14:15:23] [DEBUG]: [main] Page Id: 49814
[2023-03-29 14:15:23] [DEBUG]: [main] Section Id: 160763
[2023-03-29 14:15:23] [DEBUG]: [main] Category: text
[2023-03-29 14:15:23] [DEBUG]: [main] Get Slug: about-us
[2023-03-29 14:15:23] [DEBUG]: [jsonDataLoad] Import: /var/www/html/MB-migration/module/../layout/Zion/about/data.json
[2023-03-29 14:15:23] [DEBUG]: [main] Page Id: 4097
[2023-03-29 14:15:23] [DEBUG]: [main] Page Id: 4091
[2023-03-29 14:15:23] [DEBUG]: [main] Section Id: 13641
[2023-03-29 14:15:23] [DEBUG]: [main] Category: text
[2023-03-29 14:15:23] [DEBUG]: [main] Page Id: 4093
[2023-03-29 14:15:24] [DEBUG]: [main] Section Id: 104422
[2023-03-29 14:15:24] [DEBUG]: [main] Category: list ID: 104422
[2023-03-29 14:15:24] [DEBUG]: [main] Page Id: 4095
[2023-03-29 14:15:24] [DEBUG]: [main] Section Id: 104490
[2023-03-29 14:15:24] [DEBUG]: [main] Category: text
[2023-03-29 14:15:24] [DEBUG]: [main] Page Id: 4096
[2023-03-29 14:15:24] [DEBUG]: [main] Section Id: 104534
[2023-03-29 14:15:24] [DEBUG]: [main] Category: text
[2023-03-29 14:15:24] [DEBUG]: [main] Page Id: 49814
[2023-03-29 14:15:24] [DEBUG]: [main] Section Id: 160763
[2023-03-29 14:15:24] [DEBUG]: [main] Category: text
[2023-03-29 14:19:32] [DEBUG]: [main] Get Slug: about-us
[2023-03-29 14:19:32] [DEBUG]: [jsonDataLoad] Import: /var/www/html/MB-migration/module/../layout/Zion/about/data.json
[2023-03-29 14:19:32] [DEBUG]: [main] Page Id: 4097
[2023-03-29 14:19:32] [DEBUG]: [main] Page Id: 4091
[2023-03-29 14:19:32] [DEBUG]: [main] Section Id: 13641
[2023-03-29 14:19:32] [DEBUG]: [main] Category: text
[2023-03-29 14:19:32] [DEBUG]: [main] Page Id: 4093
[2023-03-29 14:19:32] [DEBUG]: [main] Section Id: 104422
[2023-03-29 14:19:32] [DEBUG]: [main] Category: list ID: 104422
[2023-03-29 14:19:33] [DEBUG]: [main] Page Id: 4095
[2023-03-29 14:19:33] [DEBUG]: [main] Section Id: 104490
[2023-03-29 14:19:33] [DEBUG]: [main] Category: text
[2023-03-29 14:19:33] [DEBUG]: [main] Page Id: 4096
[2023-03-29 14:19:33] [DEBUG]: [main] Section Id: 104534
[2023-03-29 14:19:33] [DEBUG]: [main] Category: text
[2023-03-29 14:19:33] [DEBUG]: [main] Page Id: 49814
[2023-03-29 14:19:33] [DEBUG]: [main] Section Id: 160763
[2023-03-29 14:19:33] [DEBUG]: [main] Category: text
[2023-03-29 14:20:45] [DEBUG]: [main] Get Slug: about-us
[2023-03-29 14:20:45] [DEBUG]: [jsonDataLoad] Import: /var/www/html/MB-migration/module/../layout/Zion/about/data.json
[2023-03-29 14:20:45] [DEBUG]: [main] Page Id: 4097
[2023-03-29 14:20:45] [DEBUG]: [main] Page Id: 4091
[2023-03-29 14:20:45] [DEBUG]: [main] Section Id: 13641
[2023-03-29 14:20:45] [DEBUG]: [main] Category: text
[2023-03-29 14:20:45] [DEBUG]: [main] Page Id: 4093
[2023-03-29 14:20:45] [DEBUG]: [main] Section Id: 104422
[2023-03-29 14:20:45] [DEBUG]: [main] Category: list ID: 104422
[2023-03-29 14:20:45] [DEBUG]: [main] Page Id: 4095
[2023-03-29 14:20:45] [DEBUG]: [main] Section Id: 104490
[2023-03-29 14:20:45] [DEBUG]: [main] Category: text
[2023-03-29 14:20:45] [DEBUG]: [main] Page Id: 4096
[2023-03-29 14:20:45] [DEBUG]: [main] Section Id: 104534
[2023-03-29 14:20:45] [DEBUG]: [main] Category: text
[2023-03-29 14:20:45] [DEBUG]: [main] Page Id: 49814
[2023-03-29 14:20:45] [DEBUG]: [main] Section Id: 160763
[2023-03-29 14:20:45] [DEBUG]: [main] Category: text
[2023-03-29 14:20:45] [DEBUG]: [main] Get Slug: about-us
[2023-03-29 14:20:45] [DEBUG]: [jsonDataLoad] Import: /var/www/html/MB-migration/module/../layout/Zion/about/data.json
[2023-03-29 14:20:45] [DEBUG]: [main] Page Id: 4097
[2023-03-29 14:20:45] [DEBUG]: [main] Page Id: 4091
[2023-03-29 14:20:45] [DEBUG]: [main] Section Id: 13641
[2023-03-29 14:20:45] [DEBUG]: [main] Category: text
[2023-03-29 14:20:45] [DEBUG]: [main] Page Id: 4093
[2023-03-29 14:20:45] [DEBUG]: [main] Section Id: 104422
[2023-03-29 14:20:45] [DEBUG]: [main] Category: list ID: 104422
[2023-03-29 14:20:46] [DEBUG]: [main] Page Id: 4095
[2023-03-29 14:20:46] [DEBUG]: [main] Section Id: 104490
[2023-03-29 14:20:46] [DEBUG]: [main] Category: text
[2023-03-29 14:20:46] [DEBUG]: [main] Page Id: 4096
[2023-03-29 14:20:46] [DEBUG]: [main] Section Id: 104534
[2023-03-29 14:20:46] [DEBUG]: [main] Category: text
[2023-03-29 14:20:46] [DEBUG]: [main] Page Id: 49814
[2023-03-29 14:20:46] [DEBUG]: [main] Section Id: 160763
[2023-03-29 14:20:46] [DEBUG]: [main] Category: text
