[2023-04-26 10:18:48] [INFO]: [MIGRATION] Start
[2023-04-26 10:18:48] [INFO]: [Class VariableCache] Init
[2023-04-26 10:18:48] [INFO]: [getGraphToken] get Token
[2023-04-26 10:18:50] [INFO]: [getCollectionTypes] Get!
[2023-04-26 10:21:45] [INFO]: [MIGRATION] Start
[2023-04-26 10:21:45] [INFO]: [Class VariableCache] Init
[2023-04-26 10:21:45] [INFO]: [getGraphToken] get Token
[2023-04-26 10:21:46] [INFO]: [getCollectionTypes] Get!
[2023-04-26 10:23:04] [INFO]: [MIGRATION] Start
[2023-04-26 10:23:04] [INFO]: [Class VariableCache] Init
[2023-04-26 10:23:04] [INFO]: [getGraphToken] get Token
[2023-04-26 10:23:05] [INFO]: [getCollectionTypes] Get!
[2023-04-26 10:23:48] [INFO]: [MIGRATION] Start
[2023-04-26 10:23:48] [INFO]: [Class VariableCache] Init
[2023-04-26 10:23:48] [INFO]: [getGraphToken] get Token
[2023-04-26 10:23:49] [INFO]: [getCollectionTypes] Get!
[2023-04-26 10:28:57] [INFO]: [MIGRATION] Start
[2023-04-26 10:28:57] [INFO]: [Class VariableCache] Init
[2023-04-26 10:28:57] [INFO]: [getGraphToken] get Token
[2023-04-26 10:28:58] [INFO]: [getCollectionTypes] Get!
[2023-04-26 10:29:00] [INFO]: [getCollectionTypes] Get!
[2023-04-26 10:59:24] [INFO]: [MIGRATION] Start
[2023-04-26 10:59:24] [INFO]: [Class VariableCache] Init
[2023-04-26 10:59:24] [INFO]: [getGraphToken] get Token
[2023-04-26 10:59:25] [INFO]: [getCollectionTypes] Get!
[2023-04-26 10:59:26] [INFO]: [getCollectionTypes] Get!
[2023-04-26 10:59:27] [INFO]: [getCollectionTypes] Get!
[2023-04-26 11:00:33] [INFO]: [MIGRATION] Start
[2023-04-26 11:00:33] [INFO]: [Class VariableCache] Init
[2023-04-26 11:00:33] [INFO]: [getGraphToken] get Token
[2023-04-26 11:00:34] [INFO]: [getCollectionTypes] Get!
[2023-04-26 11:00:37] [INFO]: [getCollectionTypes] Get!
[2023-04-26 11:00:38] [INFO]: [getCollectionTypes] Get!
[2023-04-26 11:11:39] [INFO]: [MIGRATION] Start
[2023-04-26 11:11:39] [INFO]: [Class VariableCache] Init
[2023-04-26 11:11:39] [INFO]: [getGraphToken] get Token
[2023-04-26 11:11:40] [INFO]: [getCollectionTypes] Get!
[2023-04-26 11:11:42] [INFO]: [getCollectionTypes] Get!
[2023-04-26 11:32:04] [INFO]: [MIGRATION] Start
[2023-04-26 11:32:04] [INFO]: [Class VariableCache] Init
[2023-04-26 11:32:04] [INFO]: [getGraphToken] get Token
[2023-04-26 11:32:14] [CRITICAL]: [httpClient] {"status":false,"body":"cURL error 28: Operation timed out after 10000 milliseconds with 0 bytes received (see https:\/\/curl.haxx.se\/libcurl\/c\/libcurl-errors.html) for https:\/\/beta1.brizy.cloud\/api\/projects\/4303928\/token"}
[2023-04-26 11:32:14] [WARNING]: [getGraphToken] Bad Response
[2023-04-26 11:33:40] [INFO]: [MIGRATION] Start
[2023-04-26 11:33:40] [INFO]: [Class VariableCache] Init
[2023-04-26 11:33:40] [INFO]: [getGraphToken] get Token
[2023-04-26 11:33:50] [CRITICAL]: [httpClient] {"status":false,"body":"cURL error 28: Operation timed out after 10000 milliseconds with 0 bytes received (see https:\/\/curl.haxx.se\/libcurl\/c\/libcurl-errors.html) for https:\/\/beta1.brizy.cloud\/api\/projects\/4303928\/token"}
[2023-04-26 11:33:50] [WARNING]: [getGraphToken] Bad Response
[2023-04-26 11:39:05] [INFO]: [MIGRATION] Start
[2023-04-26 11:39:05] [INFO]: [Class VariableCache] Init
[2023-04-26 11:39:05] [INFO]: [getGraphToken] get Token
[2023-04-26 11:39:06] [INFO]: [getCollectionTypes] Get!
[2023-04-26 11:39:08] [INFO]: [getCollectionTypes] Get!
[2023-04-26 11:39:14] [INFO]: [MIGRATION] Start
[2023-04-26 11:39:14] [INFO]: [Class VariableCache] Init
[2023-04-26 11:39:14] [INFO]: [getGraphToken] get Token
[2023-04-26 11:39:15] [INFO]: [getCollectionTypes] Get!
[2023-04-26 11:39:16] [INFO]: [getCollectionTypes] Get!
[2023-04-26 12:53:44] [INFO]: [MIGRATION] Start
[2023-04-26 12:53:44] [INFO]: [Class VariableCache] Init
[2023-04-26 12:53:44] [INFO]: [getGraphToken] get Token
[2023-04-26 12:53:46] [INFO]: [getCollectionTypes] Get!
[2023-04-26 12:53:47] [INFO]: [getCollectionTypes] Get!
[2023-04-26 12:54:48] [INFO]: [MIGRATION] Start
[2023-04-26 12:54:48] [INFO]: [Class VariableCache] Init
[2023-04-26 12:54:48] [INFO]: [getGraphToken] get Token
[2023-04-26 12:54:49] [INFO]: [getCollectionTypes] Get!
[2023-04-26 12:54:50] [INFO]: [getCollectionTypes] Get!
[2023-04-26 14:37:37] [INFO]: [MIGRATION] Start
[2023-04-26 14:37:37] [INFO]: [Class VariableCache] Init
[2023-04-26 14:37:37] [INFO]: [getGraphToken] get Token
[2023-04-26 14:37:38] [INFO]: [getCollectionTypes] Get!
[2023-04-26 14:39:22] [INFO]: [MIGRATION] Start
[2023-04-26 14:39:22] [INFO]: [Class VariableCache] Init
[2023-04-26 14:39:22] [INFO]: [getGraphToken] get Token
[2023-04-26 14:39:23] [INFO]: [getCollectionTypes] Get!
[2023-04-26 14:51:51] [INFO]: [MIGRATION] Start
[2023-04-26 14:51:51] [INFO]: [Class VariableCache] Init
[2023-04-26 14:51:51] [INFO]: [getGraphToken] get Token
[2023-04-26 14:51:52] [INFO]: [getCollectionTypes] Get!
[2023-04-26 14:52:06] [INFO]: [MIGRATION] Start
[2023-04-26 14:52:06] [INFO]: [Class VariableCache] Init
[2023-04-26 14:52:06] [INFO]: [getGraphToken] get Token
[2023-04-26 14:52:07] [INFO]: [getCollectionTypes] Get!
[2023-04-26 14:52:21] [INFO]: [MIGRATION] Start
[2023-04-26 14:52:21] [INFO]: [Class VariableCache] Init
[2023-04-26 14:52:21] [INFO]: [getGraphToken] get Token
[2023-04-26 14:52:22] [INFO]: [getCollectionTypes] Get!
[2023-04-26 14:53:22] [INFO]: [MIGRATION] Start
[2023-04-26 14:53:22] [INFO]: [Class VariableCache] Init
[2023-04-26 14:53:22] [INFO]: [getGraphToken] get Token
[2023-04-26 14:53:23] [INFO]: [getCollectionTypes] Get!
[2023-04-26 14:53:57] [INFO]: [MIGRATION] Start
[2023-04-26 14:53:57] [INFO]: [Class VariableCache] Init
[2023-04-26 14:53:57] [INFO]: [getGraphToken] get Token
[2023-04-26 14:53:58] [INFO]: [getCollectionTypes] Get!
[2023-04-26 14:55:35] [INFO]: [MIGRATION] Start
[2023-04-26 14:55:35] [INFO]: [Class VariableCache] Init
[2023-04-26 14:55:35] [INFO]: [getGraphToken] get Token
[2023-04-26 14:55:36] [INFO]: [getCollectionTypes] Get!
[2023-04-26 14:55:51] [INFO]: [MIGRATION] Start
[2023-04-26 14:55:51] [INFO]: [Class VariableCache] Init
[2023-04-26 14:55:51] [INFO]: [getGraphToken] get Token
[2023-04-26 14:55:52] [INFO]: [getCollectionTypes] Get!
[2023-04-26 14:56:06] [INFO]: [MIGRATION] Start
[2023-04-26 14:56:06] [INFO]: [Class VariableCache] Init
[2023-04-26 14:56:06] [INFO]: [getGraphToken] get Token
[2023-04-26 14:56:07] [INFO]: [getCollectionTypes] Get!
[2023-04-26 15:02:25] [INFO]: [MIGRATION] Start Process!
[2023-04-26 15:02:25] [INFO]: [Class VariableCache] Init
[2023-04-26 15:02:25] [INFO]: [getGraphToken] get Token
[2023-04-26 15:02:26] [INFO]: [Foreach] Parent Page id:3462
[2023-04-26 15:02:26] [INFO]: [getCollectionTypes] Get!
[2023-04-26 15:03:05] [INFO]: [MIGRATION] Start Process!
[2023-04-26 15:03:05] [INFO]: [Class VariableCache] Init
[2023-04-26 15:03:05] [INFO]: [getGraphToken] get Token
[2023-04-26 15:03:06] [INFO]: [Foreach] Parent Page id:3462
[2023-04-26 15:03:06] [INFO]: [Foreach] Parent Page id:3463
[2023-04-26 15:03:06] [INFO]: [Foreach] Parent Page id:4086
[2023-04-26 15:03:06] [INFO]: [Foreach] Parent Page id:3464
[2023-04-26 15:03:06] [INFO]: [Foreach] Parent Page id:51283
[2023-04-26 15:03:06] [INFO]: [Foreach] Parent Page id:50457
[2023-04-26 15:03:06] [INFO]: [Foreach] Parent Page id:4087
[2023-04-26 15:03:06] [INFO]: [Foreach] Parent Page id:4088
[2023-04-26 15:03:06] [INFO]: [getCollectionTypes] Get!
[2023-04-26 15:43:05] [INFO]: [MIGRATION] Start Process!
[2023-04-26 15:43:05] [INFO]: [Class VariableCache] Init
[2023-04-26 15:43:05] [INFO]: [getGraphToken] get Token
[2023-04-26 15:43:06] [INFO]: [Foreach] Parent Page id:3462
[2023-04-26 15:43:06] [INFO]: [Foreach] Parent Page id:3463
[2023-04-26 15:44:27] [INFO]: [MIGRATION] Start Process!
[2023-04-26 15:44:27] [INFO]: [Class VariableCache] Init
[2023-04-26 15:44:27] [INFO]: [getGraphToken] get Token
[2023-04-26 15:44:28] [INFO]: [Foreach] Parent Page id:3462
[2023-04-26 15:44:28] [INFO]: [Foreach] Parent Page id:3463
[2023-04-26 15:44:28] [INFO]: [Foreach] Section id:3463
[2023-04-26 15:44:52] [INFO]: [MIGRATION] Start Process!
[2023-04-26 15:44:52] [INFO]: [Class VariableCache] Init
[2023-04-26 15:44:52] [INFO]: [getGraphToken] get Token
[2023-04-26 15:44:53] [INFO]: [Foreach] Parent Page id:3462
[2023-04-26 15:44:53] [INFO]: [Foreach] Parent Page id:3463
[2023-04-26 15:44:53] [INFO]: [Foreach] Section id:3463
[2023-04-26 15:45:09] [INFO]: [MIGRATION] Start Process!
[2023-04-26 15:45:09] [INFO]: [Class VariableCache] Init
[2023-04-26 15:45:09] [INFO]: [getGraphToken] get Token
[2023-04-26 15:45:10] [INFO]: [Foreach] Parent Page id:3462
[2023-04-26 15:45:10] [INFO]: [Foreach] Parent Page id:3463
[2023-04-26 15:45:10] [INFO]: [Foreach] Parent Page id:4086
[2023-04-26 15:45:10] [INFO]: [Foreach] Parent Page id:3464
[2023-04-26 15:45:10] [INFO]: [Foreach] Parent Page id:51283
[2023-04-26 15:45:10] [INFO]: [Foreach] Parent Page id:50457
[2023-04-26 15:45:10] [INFO]: [Foreach] Parent Page id:4087
[2023-04-26 15:45:10] [INFO]: [Foreach] Parent Page id:4088
[2023-04-26 15:45:10] [INFO]: [getCollectionTypes] Get!
[2023-04-26 15:45:47] [INFO]: [MIGRATION] Start Process!
[2023-04-26 15:45:47] [INFO]: [Class VariableCache] Init
[2023-04-26 15:45:47] [INFO]: [getGraphToken] get Token
[2023-04-26 15:45:48] [INFO]: [Foreach] Parent Page id:3462
[2023-04-26 15:45:48] [INFO]: [Foreach] Parent Page id:3463
[2023-04-26 15:45:48] [INFO]: [Foreach] Section id:4097
[2023-04-26 15:45:48] [INFO]: [Foreach] Section id:4091
[2023-04-26 15:45:48] [INFO]: [Foreach] Section id:4093
[2023-04-26 15:45:48] [INFO]: [Foreach] Section id:4095
[2023-04-26 15:45:48] [INFO]: [Foreach] Section id:4096
[2023-04-26 15:45:48] [INFO]: [Foreach] Section id:49814
[2023-04-26 15:45:48] [INFO]: [Foreach] Parent Page id:4086
[2023-04-26 15:45:48] [INFO]: [Foreach] Section id:4089
[2023-04-26 15:45:48] [INFO]: [Foreach] Section id:4090
[2023-04-26 15:45:48] [INFO]: [Foreach] Section id:4092
[2023-04-26 15:45:48] [INFO]: [Foreach] Parent Page id:3464
[2023-04-26 15:45:48] [INFO]: [Foreach] Section id:50458
[2023-04-26 15:45:48] [INFO]: [Foreach] Section id:50463
[2023-04-26 15:45:48] [INFO]: [Foreach] Section id:50468
[2023-04-26 15:45:48] [INFO]: [Foreach] Section id:50472
[2023-04-26 15:45:48] [INFO]: [Foreach] Section id:50475
[2023-04-26 15:45:48] [INFO]: [Foreach] Section id:50478
[2023-04-26 15:45:48] [INFO]: [Foreach] Parent Page id:51283
[2023-04-26 15:45:48] [INFO]: [Foreach] Section id:51284
[2023-04-26 15:45:48] [INFO]: [Foreach] Section id:51297
[2023-04-26 15:45:48] [INFO]: [Foreach] Parent Page id:50457
[2023-04-26 15:45:48] [INFO]: [Foreach] Section id:50474
[2023-04-26 15:45:48] [INFO]: [Foreach] Parent Page id:4087
[2023-04-26 15:45:48] [INFO]: [Foreach] Section id:50460
[2023-04-26 15:45:48] [INFO]: [Foreach] Section id:50465
[2023-04-26 15:45:48] [INFO]: [Foreach] Parent Page id:4088
[2023-04-26 15:45:48] [INFO]: [Foreach] Section id:50461
[2023-04-26 15:45:48] [INFO]: [Foreach] Section id:50466
[2023-04-26 15:45:48] [INFO]: [Foreach] Section id:50470
[2023-04-26 15:45:48] [INFO]: [Foreach] Section id:50473
[2023-04-26 15:45:48] [INFO]: [Foreach] Section id:50476
[2023-04-26 15:45:48] [INFO]: [Foreach] Section id:50479
[2023-04-26 15:45:48] [INFO]: [getCollectionTypes] Get!
[2023-04-26 16:02:51] [INFO]: [MIGRATION] Start Process!
[2023-04-26 16:02:51] [INFO]: [Class VariableCache] Init
[2023-04-26 16:02:51] [INFO]: [getGraphToken] get Token
[2023-04-26 16:02:51] [INFO]: [Foreach] Parent Page id:3462
[2023-04-26 16:02:51] [INFO]: [Foreach] Parent Page id:3463
[2023-04-26 16:02:51] [INFO]: [Foreach] Section id:4097
[2023-04-26 16:02:51] [INFO]: [Foreach] Section id:4091
[2023-04-26 16:02:51] [INFO]: [Foreach] Section id:4093
[2023-04-26 16:02:51] [INFO]: [Foreach] Section id:4095
[2023-04-26 16:02:51] [INFO]: [Foreach] Section id:4096
[2023-04-26 16:02:51] [INFO]: [Foreach] Section id:49814
[2023-04-26 16:02:51] [INFO]: [Foreach] Parent Page id:4086
[2023-04-26 16:02:51] [INFO]: [Foreach] Section id:4089
[2023-04-26 16:02:51] [INFO]: [Foreach] Section id:4090
[2023-04-26 16:02:51] [INFO]: [Foreach] Section id:4092
[2023-04-26 16:02:51] [INFO]: [Foreach] Parent Page id:3464
[2023-04-26 16:02:51] [INFO]: [Foreach] Section id:50458
[2023-04-26 16:02:51] [INFO]: [Foreach] Section id:50463
[2023-04-26 16:02:51] [INFO]: [Foreach] Section id:50468
[2023-04-26 16:02:51] [INFO]: [Foreach] Section id:50472
[2023-04-26 16:02:51] [INFO]: [Foreach] Section id:50475
[2023-04-26 16:02:51] [INFO]: [Foreach] Section id:50478
[2023-04-26 16:02:51] [INFO]: [Foreach] Parent Page id:51283
[2023-04-26 16:02:51] [INFO]: [Foreach] Section id:51284
[2023-04-26 16:02:51] [INFO]: [Foreach] Section id:51297
[2023-04-26 16:02:51] [INFO]: [Foreach] Parent Page id:50457
[2023-04-26 16:02:51] [INFO]: [Foreach] Section id:50474
[2023-04-26 16:02:51] [INFO]: [Foreach] Parent Page id:4087
[2023-04-26 16:02:51] [INFO]: [Foreach] Section id:50460
[2023-04-26 16:02:51] [INFO]: [Foreach] Section id:50465
[2023-04-26 16:02:51] [INFO]: [Foreach] Parent Page id:4088
[2023-04-26 16:02:51] [INFO]: [Foreach] Section id:50461
[2023-04-26 16:02:51] [INFO]: [Foreach] Section id:50466
[2023-04-26 16:02:51] [INFO]: [Foreach] Section id:50470
[2023-04-26 16:02:51] [INFO]: [Foreach] Section id:50473
[2023-04-26 16:02:51] [INFO]: [Foreach] Section id:50476
[2023-04-26 16:02:51] [INFO]: [Foreach] Section id:50479
[2023-04-26 16:02:51] [INFO]: [getCollectionTypes] Get!
[2023-04-26 16:05:03] [INFO]: [MIGRATION] Start Process!
[2023-04-26 16:05:03] [INFO]: [Class VariableCache] Init
[2023-04-26 16:05:03] [INFO]: [getGraphToken] get Token
[2023-04-26 16:05:04] [INFO]: [Foreach] Parent Page id:3463
[2023-04-26 16:05:04] [INFO]: [Foreach] Section id:4097
[2023-04-26 16:05:04] [INFO]: [Foreach] Section id:4091
[2023-04-26 16:05:04] [INFO]: [Foreach] Section id:4093
[2023-04-26 16:05:04] [INFO]: [Foreach] Section id:4095
[2023-04-26 16:05:04] [INFO]: [Foreach] Section id:4096
[2023-04-26 16:05:04] [INFO]: [Foreach] Section id:49814
[2023-04-26 16:05:04] [INFO]: [getCollectionTypes] Get!
[2023-04-26 16:07:07] [INFO]: [MIGRATION] Start Process!
[2023-04-26 16:07:07] [INFO]: [Class VariableCache] Init
[2023-04-26 16:07:07] [INFO]: [getGraphToken] get Token
[2023-04-26 16:07:08] [INFO]: [Foreach] Parent Page id:3463
[2023-04-26 16:07:08] [INFO]: [Foreach] Section id:4097
[2023-04-26 16:07:08] [INFO]: [Foreach] Section id:4091
[2023-04-26 16:07:08] [INFO]: [Foreach] Section id:4093
[2023-04-26 16:07:08] [INFO]: [Foreach] Section id:4095
[2023-04-26 16:07:08] [INFO]: [Foreach] Section id:4096
[2023-04-26 16:07:08] [INFO]: [Foreach] Section id:49814
[2023-04-26 16:07:08] [INFO]: [getCollectionTypes] Get!
[2023-04-26 17:10:23] [INFO]: [MIGRATION] Start Process!
[2023-04-26 17:10:23] [INFO]: [Class VariableCache] Init
[2023-04-26 17:10:23] [INFO]: [getGraphToken] get Token
[2023-04-26 17:10:24] [INFO]: [Foreach] Parent Page id:3463
[2023-04-26 17:10:24] [INFO]: [Foreach] Section id:4097
[2023-04-26 17:10:24] [INFO]: [Foreach] Section id:4091
[2023-04-26 17:10:24] [INFO]: [Foreach] Section id:4093
[2023-04-26 17:10:24] [INFO]: [Foreach] Section id:4095
[2023-04-26 17:10:24] [INFO]: [Foreach] Section id:4096
[2023-04-26 17:10:24] [INFO]: [Foreach] Section id:49814
[2023-04-26 17:10:24] [INFO]: [getCollectionTypes] Get!
[2023-04-26 17:10:40] [INFO]: [MIGRATION] Start Process!
[2023-04-26 17:10:40] [INFO]: [Class VariableCache] Init
[2023-04-26 17:10:40] [INFO]: [getGraphToken] get Token
[2023-04-26 17:10:41] [INFO]: [Foreach] Parent Page id:3463
[2023-04-26 17:10:41] [INFO]: [Foreach] Section id:4097
[2023-04-26 17:10:41] [INFO]: [Foreach] Section id:4091
[2023-04-26 17:10:41] [INFO]: [Foreach] Section id:4093
[2023-04-26 17:10:41] [INFO]: [Foreach] Section id:4095
[2023-04-26 17:10:41] [INFO]: [Foreach] Section id:4096
[2023-04-26 17:10:41] [INFO]: [Foreach] Section id:49814
[2023-04-26 17:10:41] [INFO]: [getCollectionTypes] Get!
[2023-04-26 17:12:34] [INFO]: [MIGRATION] Start Process!
[2023-04-26 17:12:34] [INFO]: [Class VariableCache] Init
[2023-04-26 17:12:34] [INFO]: [getGraphToken] get Token
[2023-04-26 17:12:35] [INFO]: [Foreach] Parent Page id:3463
[2023-04-26 17:12:35] [INFO]: [Foreach] Section id:4097
[2023-04-26 17:12:35] [INFO]: [Foreach] Section id:4091
[2023-04-26 17:12:35] [INFO]: [Foreach] Section id:4093
[2023-04-26 17:12:35] [INFO]: [Foreach] Section id:4095
[2023-04-26 17:12:35] [INFO]: [Foreach] Section id:4096
[2023-04-26 17:12:35] [INFO]: [Foreach] Section id:49814
[2023-04-26 17:12:35] [INFO]: [getCollectionTypes] Get!
[2023-04-26 17:12:45] [INFO]: [MIGRATION] Start Process!
[2023-04-26 17:12:45] [INFO]: [Class VariableCache] Init
[2023-04-26 17:12:45] [INFO]: [getGraphToken] get Token
[2023-04-26 17:12:46] [INFO]: [Foreach] Parent Page id:3463
[2023-04-26 17:12:46] [INFO]: [Foreach] Section id:4097
[2023-04-26 17:12:46] [INFO]: [Foreach] Section id:4091
[2023-04-26 17:12:46] [INFO]: [Foreach] Section id:4093
[2023-04-26 17:12:46] [INFO]: [Foreach] Section id:4095
[2023-04-26 17:12:46] [INFO]: [Foreach] Section id:4096
[2023-04-26 17:12:46] [INFO]: [Foreach] Section id:49814
[2023-04-26 17:12:46] [INFO]: [getCollectionTypes] Get!
[2023-04-26 17:26:54] [INFO]: [MIGRATION] Start Process!
[2023-04-26 17:26:54] [INFO]: [Class VariableCache] Init
[2023-04-26 17:26:54] [INFO]: [getGraphToken] get Token
[2023-04-26 17:26:55] [INFO]: [Foreach] Parent Page id:3463
[2023-04-26 17:26:55] [INFO]: [Foreach] Section id:4097
[2023-04-26 17:26:55] [INFO]: [Foreach] Section id:4091
[2023-04-26 17:26:55] [INFO]: [Foreach] Section id:4093
[2023-04-26 17:26:55] [INFO]: [Foreach] Section id:4095
[2023-04-26 17:26:55] [INFO]: [Foreach] Section id:4096
[2023-04-26 17:26:55] [INFO]: [Foreach] Section id:49814
[2023-04-26 17:26:55] [INFO]: [getCollectionTypes] Get!
[2023-04-26 17:28:44] [INFO]: [MIGRATION] Start Process!
[2023-04-26 17:28:44] [INFO]: [Class VariableCache] Init
[2023-04-26 17:28:44] [INFO]: [getGraphToken] get Token
[2023-04-26 17:28:45] [INFO]: [Foreach] Parent Page id:3463
[2023-04-26 17:28:45] [INFO]: [Foreach] Section id:4097
[2023-04-26 17:28:45] [INFO]: [Foreach] Section id:4091
[2023-04-26 17:28:45] [INFO]: [Foreach] Section id:4093
[2023-04-26 17:28:45] [INFO]: [Foreach] Section id:4095
[2023-04-26 17:28:45] [INFO]: [Foreach] Section id:4096
[2023-04-26 17:28:45] [INFO]: [Foreach] Section id:49814
[2023-04-26 17:28:59] [INFO]: [MIGRATION] Start Process!
[2023-04-26 17:28:59] [INFO]: [Class VariableCache] Init
[2023-04-26 17:28:59] [INFO]: [getGraphToken] get Token
[2023-04-26 17:29:00] [INFO]: [Foreach] Parent Page id:3463
[2023-04-26 17:29:00] [INFO]: [Foreach] Section id:4097
[2023-04-26 17:29:00] [INFO]: [Foreach] Section id:4091
[2023-04-26 17:29:00] [INFO]: [Foreach] Section id:4093
[2023-04-26 17:29:00] [INFO]: [Foreach] Section id:4095
[2023-04-26 17:29:00] [INFO]: [Foreach] Section id:4096
[2023-04-26 17:29:00] [INFO]: [Foreach] Section id:49814
[2023-04-26 17:29:36] [INFO]: [MIGRATION] Start Process!
[2023-04-26 17:29:36] [INFO]: [Class VariableCache] Init
[2023-04-26 17:29:36] [INFO]: [getGraphToken] get Token
[2023-04-26 17:29:37] [INFO]: [Foreach] Parent Page id:3463
[2023-04-26 17:29:37] [INFO]: [Foreach] Section id:4097
[2023-04-26 17:29:37] [INFO]: [Foreach] Section id:4091
[2023-04-26 17:29:37] [INFO]: [Foreach] Section id:4093
[2023-04-26 17:29:37] [INFO]: [Foreach] Section id:4095
[2023-04-26 17:29:37] [INFO]: [Foreach] Section id:4096
[2023-04-26 17:29:37] [INFO]: [Foreach] Section id:49814
