[2023-06-20 10:52:53] [ErrorDump]: [createDump] FATAL 
[2023-06-20 10:52:53] [ErrorDump]: [createDump] Details: D:\SOFT\OSPanel\domains\MB-migration\src\Core/../../log/error/error_dump_2023-06-20_10-52-53.txt
[2023-06-20 10:52:53] [ErrorDump]: [END] -= PROCESS =- [END] 
[2023-06-20 10:55:22] [ErrorDump]: [createDump] FATAL 
[2023-06-20 10:55:22] [ErrorDump]: [createDump] Details: D:\SOFT\OSPanel\domains\MB-migration\src\Core/../../log/error/error_dump_2023-06-20_10-55-22.txt
[2023-06-20 10:55:22] [ErrorDump]: [END] -= PROCESS =- [END] 
[2023-06-20 10:57:57] [ErrorDump]: [createDump] FATAL 
[2023-06-20 10:57:57] [ErrorDump]: [createDump] Details: D:\SOFT\OSPanel\domains\MB-migration\src\Core/../../log/error/error_dump_2023-06-20_10-57-57.txt
[2023-06-20 10:57:57] [ErrorDump]: [END] -= PROCESS =- [END] 
[2023-06-20 10:59:26] [PROCESS]: [DBConnector] Initialization
[2023-06-20 10:59:26] [PROCESS]: [PostgresSQL] Initialization
[2023-06-20 10:59:30] [ErrorDump]: [createDump] FATAL 
[2023-06-20 10:59:30] [ErrorDump]: [createDump] Details: D:\SOFT\OSPanel\domains\MB-migration\src\Core/../../log/error/error_dump_2023-06-20_10-59-30.txt
[2023-06-20 10:59:30] [ErrorDump]: [END] -= PROCESS =- [END] 
[2023-06-20 10:59:40] [PROCESS]: [DBConnector] Initialization
[2023-06-20 10:59:40] [PROCESS]: [PostgresSQL] Initialization
[2023-06-20 10:59:41] [PROCESS]: [PostgresSQL] Connection success
[2023-06-20 10:59:41] [PROCESS]: [PostgresSQL Module] READY
[2023-06-20 10:59:41] [PROCESS]: [DBConnector Module] READY
[2023-06-20 10:59:41] [PROCESS]: [BrizyAPI] Initialization
[2023-06-20 10:59:41] [PROCESS]: [] -------------------------------------------------------------------------------------- []
[2023-06-20 10:59:41] [PROCESS]: [MIGRATION] Start Process!
[2023-06-20 10:59:41] [PROCESS]: [Cache] Initialization
[2023-06-20 10:59:41] [UMID: ca65d6eafe] [PROCESS]: [MIGRATION] Migration ID: ca65d6eafe
[2023-06-20 10:59:41] [UMID: ca65d6eafe] [PROCESS]: [Parser Module] Initialization
[2023-06-20 10:59:41] [UMID: ca65d6eafe] [PROCESS]: [DBConnector] Initialization
[2023-06-20 10:59:41] [UMID: ca65d6eafe] [PROCESS]: [PostgresSQL] Initialization
[2023-06-20 10:59:42] [UMID: ca65d6eafe] [PROCESS]: [PostgresSQL] Connection success
[2023-06-20 10:59:42] [UMID: ca65d6eafe] [PROCESS]: [PostgresSQL Module] READY
[2023-06-20 10:59:42] [UMID: ca65d6eafe] [PROCESS]: [DBConnector Module] READY
[2023-06-20 10:59:42] [UMID: ca65d6eafe] [PROCESS]: [Parser Module] READY
[2023-06-20 10:59:42] [UMID: ca65d6eafe] [INFO]: [createDirectory] Create Directory: D:\SOFT\OSPanel\domains\MB-migration\src/../tmp/247_4306588_ca65d6eafe/
[2023-06-20 10:59:42] [UMID: ca65d6eafe] [INFO]: [createDirectory] Create Directory: D:\SOFT\OSPanel\domains\MB-migration\src/../tmp/247_4306588_ca65d6eafe/page/
[2023-06-20 10:59:42] [UMID: ca65d6eafe] [INFO]: [createDirectory] Create Directory: D:\SOFT\OSPanel\domains\MB-migration\src/../tmp/247_4306588_ca65d6eafe/media/
[2023-06-20 10:59:42] [UMID: ca65d6eafe] [INFO]: [createDirectory] Create Directory: D:\SOFT\OSPanel\domains\MB-migration\src/../tmp/247_4306588_ca65d6eafe/log/
[2023-06-20 10:59:42] [UMID: ca65d6eafe] [INFO]: [createDirectory] Create Directory: D:\SOFT\OSPanel\domains\MB-migration\src/../tmp/247_4306588_ca65d6eafe/log/dump/
[2023-06-20 10:59:42] [UMID: ca65d6eafe] [INFO]: [getParentPages] Get parent pages
[2023-06-20 10:59:43] [UMID: ca65d6eafe] [INFO]: [getChildPages] Get child pages
[2023-06-20 10:59:44] [UMID: ca65d6eafe] [INFO]: [getChildPages] Get child pages
[2023-06-20 10:59:44] [UMID: ca65d6eafe] [INFO]: [getChildPages] Get child pages
[2023-06-20 10:59:45] [UMID: ca65d6eafe] [INFO]: [getChildPages] Get child pages
[2023-06-20 10:59:45] [UMID: ca65d6eafe] [INFO]: [getChildPages] Get child pages
[2023-06-20 10:59:46] [UMID: ca65d6eafe] [INFO]: [getChildPages] Get child pages
[2023-06-20 10:59:46] [UMID: ca65d6eafe] [INFO]: [getChildPages] Get child pages
[2023-06-20 10:59:47] [UMID: ca65d6eafe] [INFO]: [getChildPages] Get child pages
[2023-06-20 10:59:48] [UMID: ca65d6eafe] [INFO]: [getChildPages] Get child pages
[2023-06-20 10:59:48] [UMID: ca65d6eafe] [INFO]: [getChildPages] Get child pages
[2023-06-20 10:59:49] [UMID: ca65d6eafe] [INFO]: [getChildPages] Get child pages
[2023-06-20 10:59:49] [UMID: ca65d6eafe] [INFO]: [getChildPages] Get child pages
[2023-06-20 10:59:50] [UMID: ca65d6eafe] [INFO]: [getChildPages] Get child pages
[2023-06-20 10:59:50] [UMID: ca65d6eafe] [INFO]: [getSite] Get site
[2023-06-20 10:59:52] [UMID: ca65d6eafe] [INFO]: [getGraphToken] get Token
[2023-06-20 10:59:52] [UMID: ca65d6eafe] [ErrorDump]: [createDump] FATAL 247_4306588_ca65d6eafe
[2023-06-20 10:59:52] [UMID: ca65d6eafe] [ErrorDump]: [createDump] Details: D:\SOFT\OSPanel\domains\MB-migration\src\Core/../../tmp/247_4306588_ca65d6eafe/log/dump/2023-06-20_10-59-52.txt
[2023-06-20 10:59:52] [UMID: ca65d6eafe] [ErrorDump]: [END] -= PROCESS =- [END] 
[2023-06-20 11:02:40] [PROCESS]: [DBConnector] Initialization
[2023-06-20 11:02:40] [PROCESS]: [PostgresSQL] Initialization
[2023-06-20 11:02:41] [PROCESS]: [PostgresSQL] Connection success
[2023-06-20 11:02:41] [PROCESS]: [PostgresSQL Module] READY
[2023-06-20 11:02:41] [PROCESS]: [DBConnector Module] READY
[2023-06-20 11:02:41] [PROCESS]: [BrizyAPI] Initialization
[2023-06-20 11:02:41] [PROCESS]: [] -------------------------------------------------------------------------------------- []
[2023-06-20 11:02:41] [PROCESS]: [MIGRATION] Start Process!
[2023-06-20 11:02:41] [PROCESS]: [Cache] Initialization
[2023-06-20 11:02:41] [UMID: 02f0488207] [PROCESS]: [MIGRATION] Migration ID: 02f0488207
[2023-06-20 11:02:41] [UMID: 02f0488207] [PROCESS]: [Parser Module] Initialization
[2023-06-20 11:02:41] [UMID: 02f0488207] [PROCESS]: [DBConnector] Initialization
[2023-06-20 11:02:41] [UMID: 02f0488207] [PROCESS]: [PostgresSQL] Initialization
[2023-06-20 11:02:42] [UMID: 02f0488207] [PROCESS]: [PostgresSQL] Connection success
[2023-06-20 11:02:42] [UMID: 02f0488207] [PROCESS]: [PostgresSQL Module] READY
[2023-06-20 11:02:42] [UMID: 02f0488207] [PROCESS]: [DBConnector Module] READY
[2023-06-20 11:02:42] [UMID: 02f0488207] [PROCESS]: [Parser Module] READY
[2023-06-20 11:02:42] [UMID: 02f0488207] [INFO]: [createDirectory] Create Directory: D:\SOFT\OSPanel\domains\MB-migration\src/../tmp/247_4306588_02f0488207/
[2023-06-20 11:02:42] [UMID: 02f0488207] [INFO]: [createDirectory] Create Directory: D:\SOFT\OSPanel\domains\MB-migration\src/../tmp/247_4306588_02f0488207/page/
[2023-06-20 11:02:42] [UMID: 02f0488207] [INFO]: [createDirectory] Create Directory: D:\SOFT\OSPanel\domains\MB-migration\src/../tmp/247_4306588_02f0488207/media/
[2023-06-20 11:02:42] [UMID: 02f0488207] [INFO]: [createDirectory] Create Directory: D:\SOFT\OSPanel\domains\MB-migration\src/../tmp/247_4306588_02f0488207/log/
[2023-06-20 11:02:42] [UMID: 02f0488207] [INFO]: [createDirectory] Create Directory: D:\SOFT\OSPanel\domains\MB-migration\src/../tmp/247_4306588_02f0488207/log/dump/
[2023-06-20 11:02:42] [UMID: 02f0488207] [INFO]: [getParentPages] Get parent pages
[2023-06-20 11:02:43] [UMID: 02f0488207] [INFO]: [getChildPages] Get child pages
[2023-06-20 11:02:43] [UMID: 02f0488207] [INFO]: [getChildPages] Get child pages
[2023-06-20 11:02:44] [UMID: 02f0488207] [INFO]: [getChildPages] Get child pages
[2023-06-20 11:02:44] [UMID: 02f0488207] [INFO]: [getChildPages] Get child pages
[2023-06-20 11:02:45] [UMID: 02f0488207] [INFO]: [getChildPages] Get child pages
[2023-06-20 11:02:45] [UMID: 02f0488207] [INFO]: [getChildPages] Get child pages
[2023-06-20 11:02:46] [UMID: 02f0488207] [INFO]: [getChildPages] Get child pages
[2023-06-20 11:02:46] [UMID: 02f0488207] [INFO]: [getChildPages] Get child pages
[2023-06-20 11:02:47] [UMID: 02f0488207] [INFO]: [getChildPages] Get child pages
[2023-06-20 11:02:48] [UMID: 02f0488207] [INFO]: [getChildPages] Get child pages
[2023-06-20 11:02:48] [UMID: 02f0488207] [INFO]: [getChildPages] Get child pages
[2023-06-20 11:02:49] [UMID: 02f0488207] [INFO]: [getChildPages] Get child pages
[2023-06-20 11:02:49] [UMID: 02f0488207] [INFO]: [getChildPages] Get child pages
[2023-06-20 11:02:50] [UMID: 02f0488207] [INFO]: [getSite] Get site
[2023-06-20 11:02:51] [UMID: 02f0488207] [INFO]: [getGraphToken] get Token
[2023-06-20 11:02:51] [UMID: 02f0488207] [ErrorDump]: [createDump] FATAL 247_4306588_02f0488207
[2023-06-20 11:02:51] [UMID: 02f0488207] [ErrorDump]: [createDump] Details: D:\SOFT\OSPanel\domains\MB-migration\src\Core/../../tmp/247_4306588_02f0488207/log/dump/2023-06-20_11-02-51.txt
[2023-06-20 11:02:51] [UMID: 02f0488207] [ErrorDump]: [END] -= PROCESS =- [END] 
[2023-06-20 11:04:05] [PROCESS]: [DBConnector] Initialization
[2023-06-20 11:04:05] [PROCESS]: [PostgresSQL] Initialization
[2023-06-20 11:04:06] [PROCESS]: [PostgresSQL] Connection success
[2023-06-20 11:04:06] [PROCESS]: [PostgresSQL Module] READY
[2023-06-20 11:04:06] [PROCESS]: [DBConnector Module] READY
[2023-06-20 11:04:06] [PROCESS]: [BrizyAPI] Initialization
[2023-06-20 11:04:06] [PROCESS]: [] -------------------------------------------------------------------------------------- []
[2023-06-20 11:04:06] [PROCESS]: [MIGRATION] Start Process!
[2023-06-20 11:04:06] [PROCESS]: [Cache] Initialization
[2023-06-20 11:04:06] [UMID: 79176da5d2] [PROCESS]: [MIGRATION] Migration ID: 79176da5d2
[2023-06-20 11:04:06] [UMID: 79176da5d2] [PROCESS]: [Parser Module] Initialization
[2023-06-20 11:04:06] [UMID: 79176da5d2] [PROCESS]: [DBConnector] Initialization
[2023-06-20 11:04:06] [UMID: 79176da5d2] [PROCESS]: [PostgresSQL] Initialization
[2023-06-20 11:04:07] [UMID: 79176da5d2] [PROCESS]: [PostgresSQL] Connection success
[2023-06-20 11:04:07] [UMID: 79176da5d2] [PROCESS]: [PostgresSQL Module] READY
[2023-06-20 11:04:07] [UMID: 79176da5d2] [PROCESS]: [DBConnector Module] READY
[2023-06-20 11:04:07] [UMID: 79176da5d2] [PROCESS]: [Parser Module] READY
[2023-06-20 11:04:07] [UMID: 79176da5d2] [INFO]: [createDirectory] Create Directory: D:\SOFT\OSPanel\domains\MB-migration\src/../tmp/247_4306588_79176da5d2/
[2023-06-20 11:04:07] [UMID: 79176da5d2] [INFO]: [createDirectory] Create Directory: D:\SOFT\OSPanel\domains\MB-migration\src/../tmp/247_4306588_79176da5d2/page/
[2023-06-20 11:04:07] [UMID: 79176da5d2] [INFO]: [createDirectory] Create Directory: D:\SOFT\OSPanel\domains\MB-migration\src/../tmp/247_4306588_79176da5d2/media/
[2023-06-20 11:04:07] [UMID: 79176da5d2] [INFO]: [createDirectory] Create Directory: D:\SOFT\OSPanel\domains\MB-migration\src/../tmp/247_4306588_79176da5d2/log/
[2023-06-20 11:04:07] [UMID: 79176da5d2] [INFO]: [createDirectory] Create Directory: D:\SOFT\OSPanel\domains\MB-migration\src/../tmp/247_4306588_79176da5d2/log/dump/
[2023-06-20 11:04:07] [UMID: 79176da5d2] [INFO]: [getParentPages] Get parent pages
[2023-06-20 11:04:08] [UMID: 79176da5d2] [INFO]: [getChildPages] Get child pages
[2023-06-20 11:04:08] [UMID: 79176da5d2] [INFO]: [getChildPages] Get child pages
[2023-06-20 11:04:09] [UMID: 79176da5d2] [INFO]: [getChildPages] Get child pages
[2023-06-20 11:04:09] [UMID: 79176da5d2] [INFO]: [getChildPages] Get child pages
[2023-06-20 11:04:10] [UMID: 79176da5d2] [INFO]: [getChildPages] Get child pages
[2023-06-20 11:04:10] [UMID: 79176da5d2] [INFO]: [getChildPages] Get child pages
[2023-06-20 11:04:11] [UMID: 79176da5d2] [INFO]: [getChildPages] Get child pages
[2023-06-20 11:04:11] [UMID: 79176da5d2] [INFO]: [getChildPages] Get child pages
[2023-06-20 11:04:12] [UMID: 79176da5d2] [INFO]: [getChildPages] Get child pages
[2023-06-20 11:04:12] [UMID: 79176da5d2] [INFO]: [getChildPages] Get child pages
[2023-06-20 11:04:13] [UMID: 79176da5d2] [INFO]: [getChildPages] Get child pages
[2023-06-20 11:04:14] [UMID: 79176da5d2] [INFO]: [getChildPages] Get child pages
[2023-06-20 11:04:14] [UMID: 79176da5d2] [INFO]: [getChildPages] Get child pages
[2023-06-20 11:04:15] [UMID: 79176da5d2] [INFO]: [getSite] Get site
[2023-06-20 11:04:16] [UMID: 79176da5d2] [INFO]: [getGraphToken] get Token
[2023-06-20 11:04:16] [UMID: 79176da5d2] [ErrorDump]: [createDump] FATAL 247_4306588_79176da5d2
[2023-06-20 11:04:16] [UMID: 79176da5d2] [ErrorDump]: [createDump] Details: D:\SOFT\OSPanel\domains\MB-migration\src\Core/../../tmp/247_4306588_79176da5d2/log/dump/2023-06-20_11-04-16.txt
[2023-06-20 11:04:16] [UMID: 79176da5d2] [ErrorDump]: [END] -= PROCESS =- [END] 
[2023-06-20 11:07:31] [PROCESS]: [DBConnector] Initialization
[2023-06-20 11:07:31] [PROCESS]: [PostgresSQL] Initialization
[2023-06-20 11:07:33] [PROCESS]: [PostgresSQL] Connection success
[2023-06-20 11:07:33] [PROCESS]: [PostgresSQL Module] READY
[2023-06-20 11:07:33] [PROCESS]: [DBConnector Module] READY
[2023-06-20 11:07:33] [PROCESS]: [BrizyAPI] Initialization
[2023-06-20 11:07:33] [PROCESS]: [] -------------------------------------------------------------------------------------- []
[2023-06-20 11:07:33] [PROCESS]: [MIGRATION] Start Process!
[2023-06-20 11:07:33] [PROCESS]: [Cache] Initialization
[2023-06-20 11:07:33] [UMID: 200aa5bfd4] [PROCESS]: [MIGRATION] Migration ID: 200aa5bfd4
[2023-06-20 11:07:33] [UMID: 200aa5bfd4] [PROCESS]: [Parser Module] Initialization
[2023-06-20 11:07:33] [UMID: 200aa5bfd4] [PROCESS]: [DBConnector] Initialization
[2023-06-20 11:07:33] [UMID: 200aa5bfd4] [PROCESS]: [PostgresSQL] Initialization
[2023-06-20 11:07:34] [UMID: 200aa5bfd4] [PROCESS]: [PostgresSQL] Connection success
[2023-06-20 11:07:34] [UMID: 200aa5bfd4] [PROCESS]: [PostgresSQL Module] READY
[2023-06-20 11:07:34] [UMID: 200aa5bfd4] [PROCESS]: [DBConnector Module] READY
[2023-06-20 11:07:34] [UMID: 200aa5bfd4] [PROCESS]: [Parser Module] READY
[2023-06-20 11:07:34] [UMID: 200aa5bfd4] [INFO]: [createDirectory] Create Directory: D:\SOFT\OSPanel\domains\MB-migration\src/../tmp/247_4306588_200aa5bfd4/
[2023-06-20 11:07:34] [UMID: 200aa5bfd4] [INFO]: [createDirectory] Create Directory: D:\SOFT\OSPanel\domains\MB-migration\src/../tmp/247_4306588_200aa5bfd4/page/
[2023-06-20 11:07:34] [UMID: 200aa5bfd4] [INFO]: [createDirectory] Create Directory: D:\SOFT\OSPanel\domains\MB-migration\src/../tmp/247_4306588_200aa5bfd4/media/
[2023-06-20 11:07:34] [UMID: 200aa5bfd4] [INFO]: [createDirectory] Create Directory: D:\SOFT\OSPanel\domains\MB-migration\src/../tmp/247_4306588_200aa5bfd4/log/
[2023-06-20 11:07:34] [UMID: 200aa5bfd4] [INFO]: [createDirectory] Create Directory: D:\SOFT\OSPanel\domains\MB-migration\src/../tmp/247_4306588_200aa5bfd4/log/dump/
[2023-06-20 11:07:34] [UMID: 200aa5bfd4] [INFO]: [getParentPages] Get parent pages
[2023-06-20 11:07:34] [UMID: 200aa5bfd4] [INFO]: [getChildPages] Get child pages
[2023-06-20 11:07:35] [UMID: 200aa5bfd4] [INFO]: [getChildPages] Get child pages
[2023-06-20 11:07:35] [UMID: 200aa5bfd4] [INFO]: [getChildPages] Get child pages
[2023-06-20 11:07:36] [UMID: 200aa5bfd4] [INFO]: [getChildPages] Get child pages
[2023-06-20 11:07:36] [UMID: 200aa5bfd4] [INFO]: [getChildPages] Get child pages
[2023-06-20 11:07:37] [UMID: 200aa5bfd4] [INFO]: [getChildPages] Get child pages
[2023-06-20 11:07:37] [UMID: 200aa5bfd4] [INFO]: [getChildPages] Get child pages
[2023-06-20 11:07:38] [UMID: 200aa5bfd4] [INFO]: [getChildPages] Get child pages
[2023-06-20 11:07:39] [UMID: 200aa5bfd4] [INFO]: [getChildPages] Get child pages
[2023-06-20 11:07:39] [UMID: 200aa5bfd4] [INFO]: [getChildPages] Get child pages
[2023-06-20 11:07:40] [UMID: 200aa5bfd4] [INFO]: [getChildPages] Get child pages
[2023-06-20 11:07:40] [UMID: 200aa5bfd4] [INFO]: [getChildPages] Get child pages
[2023-06-20 11:07:41] [UMID: 200aa5bfd4] [INFO]: [getChildPages] Get child pages
[2023-06-20 11:07:41] [UMID: 200aa5bfd4] [INFO]: [getSite] Get site
[2023-06-20 11:07:42] [UMID: 200aa5bfd4] [INFO]: [getGraphToken] get Token
[2023-06-20 11:07:43] [UMID: 200aa5bfd4] [CRITICAL] (BrizyAPI.php:456) : [httpClient] {"status":404,"body":"<!DOCTYPE html>\n<html>\n    <head>\n        <meta charset=\"UTF-8\" \/>\n        <title>An Error Occurred: Not Found<\/title>\n    <\/head>\n    <body>\n        <h1>Oops! An Error Occurred<\/h1>\n        <h2>The server returned a \"404 Not Found\".<\/h2>\n\n        <div>\n            Something is broken. Please let us know what you were doing when this error occurred.\n            We will fix it as soon as possible. Sorry for any inconvenience caused.\n        <\/div>\n    <\/body>\n<\/html>\n"}
[2023-06-20 11:07:43] [UMID: 200aa5bfd4] [WARNING] (BrizyAPI.php:108) : [getGraphToken] Response: {"status":404,"body":"<!DOCTYPE html>\n<html>\n    <head>\n        <meta charset=\"UTF-8\" \/>\n        <title>An Error Occurred: Not Found<\/title>\n    <\/head>\n    <body>\n        <h1>Oops! An Error Occurred<\/h1>\n        <h2>The server returned a \"404 Not Found\".<\/h2>\n\n        <div>\n            Something is broken. Please let us know what you were doing when this error occurred.\n            We will fix it as soon as possible. Sorry for any inconvenience caused.\n        <\/div>\n    <\/body>\n<\/html>\n"}
[2023-06-20 11:08:47] [PROCESS]: [DBConnector] Initialization
[2023-06-20 11:08:47] [PROCESS]: [PostgresSQL] Initialization
[2023-06-20 11:08:48] [PROCESS]: [PostgresSQL] Connection success
[2023-06-20 11:08:48] [PROCESS]: [PostgresSQL Module] READY
[2023-06-20 11:08:48] [PROCESS]: [DBConnector Module] READY
[2023-06-20 11:08:48] [PROCESS]: [BrizyAPI] Initialization
[2023-06-20 11:08:48] [PROCESS]: [] -------------------------------------------------------------------------------------- []
[2023-06-20 11:08:48] [PROCESS]: [MIGRATION] Start Process!
[2023-06-20 11:08:48] [PROCESS]: [Cache] Initialization
[2023-06-20 11:08:48] [UMID: a0916f0661] [PROCESS]: [MIGRATION] Migration ID: a0916f0661
[2023-06-20 11:08:48] [UMID: a0916f0661] [PROCESS]: [Parser Module] Initialization
[2023-06-20 11:08:48] [UMID: a0916f0661] [PROCESS]: [DBConnector] Initialization
[2023-06-20 11:08:48] [UMID: a0916f0661] [PROCESS]: [PostgresSQL] Initialization
[2023-06-20 11:08:49] [UMID: a0916f0661] [PROCESS]: [PostgresSQL] Connection success
[2023-06-20 11:08:49] [UMID: a0916f0661] [PROCESS]: [PostgresSQL Module] READY
[2023-06-20 11:08:49] [UMID: a0916f0661] [PROCESS]: [DBConnector Module] READY
[2023-06-20 11:08:49] [UMID: a0916f0661] [PROCESS]: [Parser Module] READY
[2023-06-20 11:08:49] [UMID: a0916f0661] [INFO]: [createDirectory] Create Directory: D:\SOFT\OSPanel\domains\MB-migration\src/../tmp/247_4306588_a0916f0661/
[2023-06-20 11:08:49] [UMID: a0916f0661] [INFO]: [createDirectory] Create Directory: D:\SOFT\OSPanel\domains\MB-migration\src/../tmp/247_4306588_a0916f0661/page/
[2023-06-20 11:08:49] [UMID: a0916f0661] [INFO]: [createDirectory] Create Directory: D:\SOFT\OSPanel\domains\MB-migration\src/../tmp/247_4306588_a0916f0661/media/
[2023-06-20 11:08:49] [UMID: a0916f0661] [INFO]: [createDirectory] Create Directory: D:\SOFT\OSPanel\domains\MB-migration\src/../tmp/247_4306588_a0916f0661/log/
[2023-06-20 11:08:49] [UMID: a0916f0661] [INFO]: [createDirectory] Create Directory: D:\SOFT\OSPanel\domains\MB-migration\src/../tmp/247_4306588_a0916f0661/log/dump/
[2023-06-20 11:08:49] [UMID: a0916f0661] [INFO]: [getParentPages] Get parent pages
[2023-06-20 11:08:49] [UMID: a0916f0661] [INFO]: [getChildPages] Get child pages
[2023-06-20 11:08:50] [UMID: a0916f0661] [INFO]: [getChildPages] Get child pages
[2023-06-20 11:08:50] [UMID: a0916f0661] [INFO]: [getChildPages] Get child pages
[2023-06-20 11:08:51] [UMID: a0916f0661] [INFO]: [getChildPages] Get child pages
[2023-06-20 11:08:51] [UMID: a0916f0661] [INFO]: [getChildPages] Get child pages
[2023-06-20 11:08:52] [UMID: a0916f0661] [INFO]: [getChildPages] Get child pages
[2023-06-20 11:08:53] [UMID: a0916f0661] [INFO]: [getChildPages] Get child pages
[2023-06-20 11:08:53] [UMID: a0916f0661] [INFO]: [getChildPages] Get child pages
[2023-06-20 11:08:54] [UMID: a0916f0661] [INFO]: [getChildPages] Get child pages
[2023-06-20 11:08:54] [UMID: a0916f0661] [INFO]: [getChildPages] Get child pages
[2023-06-20 11:08:55] [UMID: a0916f0661] [INFO]: [getChildPages] Get child pages
[2023-06-20 11:08:55] [UMID: a0916f0661] [INFO]: [getChildPages] Get child pages
[2023-06-20 11:08:56] [UMID: a0916f0661] [INFO]: [getChildPages] Get child pages
[2023-06-20 11:08:56] [UMID: a0916f0661] [INFO]: [getSite] Get site
[2023-06-20 11:08:57] [UMID: a0916f0661] [INFO]: [getGraphToken] get Token
[2023-06-20 11:08:58] [UMID: a0916f0661] [CRITICAL] (BrizyAPI.php:456) : [httpClient] {"status":404,"body":"<!DOCTYPE html>\n<html>\n    <head>\n        <meta charset=\"UTF-8\" \/>\n        <title>An Error Occurred: Not Found<\/title>\n    <\/head>\n    <body>\n        <h1>Oops! An Error Occurred<\/h1>\n        <h2>The server returned a \"404 Not Found\".<\/h2>\n\n        <div>\n            Something is broken. Please let us know what you were doing when this error occurred.\n            We will fix it as soon as possible. Sorry for any inconvenience caused.\n        <\/div>\n    <\/body>\n<\/html>\n"}
[2023-06-20 11:08:58] [UMID: a0916f0661] [WARNING] (BrizyAPI.php:108) : [getGraphToken] Response: {"status":404,"body":"<!DOCTYPE html>\n<html>\n    <head>\n        <meta charset=\"UTF-8\" \/>\n        <title>An Error Occurred: Not Found<\/title>\n    <\/head>\n    <body>\n        <h1>Oops! An Error Occurred<\/h1>\n        <h2>The server returned a \"404 Not Found\".<\/h2>\n\n        <div>\n            Something is broken. Please let us know what you were doing when this error occurred.\n            We will fix it as soon as possible. Sorry for any inconvenience caused.\n        <\/div>\n    <\/body>\n<\/html>\n"}
[2023-06-20 11:09:09] [PROCESS]: [DBConnector] Initialization
[2023-06-20 11:09:09] [PROCESS]: [PostgresSQL] Initialization
[2023-06-20 11:09:10] [PROCESS]: [PostgresSQL] Connection success
[2023-06-20 11:09:10] [PROCESS]: [PostgresSQL Module] READY
[2023-06-20 11:09:10] [PROCESS]: [DBConnector Module] READY
[2023-06-20 11:09:10] [PROCESS]: [BrizyAPI] Initialization
[2023-06-20 11:09:10] [PROCESS]: [] -------------------------------------------------------------------------------------- []
[2023-06-20 11:09:10] [PROCESS]: [MIGRATION] Start Process!
[2023-06-20 11:09:10] [PROCESS]: [Cache] Initialization
[2023-06-20 11:09:10] [UMID: c9a0b1254d] [PROCESS]: [MIGRATION] Migration ID: c9a0b1254d
[2023-06-20 11:09:10] [UMID: c9a0b1254d] [PROCESS]: [Parser Module] Initialization
[2023-06-20 11:09:10] [UMID: c9a0b1254d] [PROCESS]: [DBConnector] Initialization
[2023-06-20 11:09:10] [UMID: c9a0b1254d] [PROCESS]: [PostgresSQL] Initialization
[2023-06-20 11:09:11] [UMID: c9a0b1254d] [PROCESS]: [PostgresSQL] Connection success
[2023-06-20 11:09:11] [UMID: c9a0b1254d] [PROCESS]: [PostgresSQL Module] READY
[2023-06-20 11:09:11] [UMID: c9a0b1254d] [PROCESS]: [DBConnector Module] READY
[2023-06-20 11:09:11] [UMID: c9a0b1254d] [PROCESS]: [Parser Module] READY
[2023-06-20 11:09:11] [UMID: c9a0b1254d] [INFO]: [createDirectory] Create Directory: D:\SOFT\OSPanel\domains\MB-migration\src/../tmp/247_4306588_c9a0b1254d/
[2023-06-20 11:09:11] [UMID: c9a0b1254d] [INFO]: [createDirectory] Create Directory: D:\SOFT\OSPanel\domains\MB-migration\src/../tmp/247_4306588_c9a0b1254d/page/
[2023-06-20 11:09:11] [UMID: c9a0b1254d] [INFO]: [createDirectory] Create Directory: D:\SOFT\OSPanel\domains\MB-migration\src/../tmp/247_4306588_c9a0b1254d/media/
[2023-06-20 11:09:11] [UMID: c9a0b1254d] [INFO]: [createDirectory] Create Directory: D:\SOFT\OSPanel\domains\MB-migration\src/../tmp/247_4306588_c9a0b1254d/log/
[2023-06-20 11:09:11] [UMID: c9a0b1254d] [INFO]: [createDirectory] Create Directory: D:\SOFT\OSPanel\domains\MB-migration\src/../tmp/247_4306588_c9a0b1254d/log/dump/
[2023-06-20 11:09:11] [UMID: c9a0b1254d] [INFO]: [getParentPages] Get parent pages
[2023-06-20 11:09:11] [UMID: c9a0b1254d] [INFO]: [getChildPages] Get child pages
[2023-06-20 11:09:12] [UMID: c9a0b1254d] [INFO]: [getChildPages] Get child pages
[2023-06-20 11:09:13] [UMID: c9a0b1254d] [INFO]: [getChildPages] Get child pages
[2023-06-20 11:09:13] [UMID: c9a0b1254d] [INFO]: [getChildPages] Get child pages
[2023-06-20 11:09:14] [UMID: c9a0b1254d] [INFO]: [getChildPages] Get child pages
[2023-06-20 11:09:15] [UMID: c9a0b1254d] [INFO]: [getChildPages] Get child pages
[2023-06-20 11:09:15] [UMID: c9a0b1254d] [INFO]: [getChildPages] Get child pages
[2023-06-20 11:09:16] [UMID: c9a0b1254d] [INFO]: [getChildPages] Get child pages
[2023-06-20 11:09:16] [UMID: c9a0b1254d] [INFO]: [getChildPages] Get child pages
[2023-06-20 11:09:17] [UMID: c9a0b1254d] [INFO]: [getChildPages] Get child pages
[2023-06-20 11:09:17] [UMID: c9a0b1254d] [INFO]: [getChildPages] Get child pages
[2023-06-20 11:09:18] [UMID: c9a0b1254d] [INFO]: [getChildPages] Get child pages
[2023-06-20 11:09:18] [UMID: c9a0b1254d] [INFO]: [getChildPages] Get child pages
[2023-06-20 11:09:19] [UMID: c9a0b1254d] [INFO]: [getSite] Get site
[2023-06-20 11:09:20] [UMID: c9a0b1254d] [INFO]: [getGraphToken] get Token
[2023-06-20 11:10:27] [PROCESS]: [DBConnector] Initialization
[2023-06-20 11:10:27] [PROCESS]: [PostgresSQL] Initialization
[2023-06-20 11:10:28] [PROCESS]: [PostgresSQL] Connection success
[2023-06-20 11:10:28] [PROCESS]: [PostgresSQL Module] READY
[2023-06-20 11:10:28] [PROCESS]: [DBConnector Module] READY
[2023-06-20 11:10:28] [PROCESS]: [BrizyAPI] Initialization
[2023-06-20 11:10:28] [PROCESS]: [] -------------------------------------------------------------------------------------- []
[2023-06-20 11:10:28] [PROCESS]: [MIGRATION] Start Process!
[2023-06-20 11:10:28] [PROCESS]: [Cache] Initialization
[2023-06-20 11:10:28] [UMID: 19050fa119] [PROCESS]: [MIGRATION] Migration ID: 19050fa119
[2023-06-20 11:10:28] [UMID: 19050fa119] [PROCESS]: [Parser Module] Initialization
[2023-06-20 11:10:28] [UMID: 19050fa119] [PROCESS]: [DBConnector] Initialization
[2023-06-20 11:10:28] [UMID: 19050fa119] [PROCESS]: [PostgresSQL] Initialization
[2023-06-20 11:10:29] [UMID: 19050fa119] [PROCESS]: [PostgresSQL] Connection success
[2023-06-20 11:10:29] [UMID: 19050fa119] [PROCESS]: [PostgresSQL Module] READY
[2023-06-20 11:10:29] [UMID: 19050fa119] [PROCESS]: [DBConnector Module] READY
[2023-06-20 11:10:29] [UMID: 19050fa119] [PROCESS]: [Parser Module] READY
[2023-06-20 11:10:29] [UMID: 19050fa119] [INFO]: [createDirectory] Create Directory: D:\SOFT\OSPanel\domains\MB-migration\src/../tmp/247_4306588_19050fa119/
[2023-06-20 11:10:29] [UMID: 19050fa119] [INFO]: [createDirectory] Create Directory: D:\SOFT\OSPanel\domains\MB-migration\src/../tmp/247_4306588_19050fa119/page/
[2023-06-20 11:10:29] [UMID: 19050fa119] [INFO]: [createDirectory] Create Directory: D:\SOFT\OSPanel\domains\MB-migration\src/../tmp/247_4306588_19050fa119/media/
[2023-06-20 11:10:29] [UMID: 19050fa119] [INFO]: [createDirectory] Create Directory: D:\SOFT\OSPanel\domains\MB-migration\src/../tmp/247_4306588_19050fa119/log/
[2023-06-20 11:10:29] [UMID: 19050fa119] [INFO]: [createDirectory] Create Directory: D:\SOFT\OSPanel\domains\MB-migration\src/../tmp/247_4306588_19050fa119/log/dump/
[2023-06-20 11:10:29] [UMID: 19050fa119] [INFO]: [getParentPages] Get parent pages
[2023-06-20 11:10:30] [UMID: 19050fa119] [INFO]: [getChildPages] Get child pages
[2023-06-20 11:10:30] [UMID: 19050fa119] [INFO]: [getChildPages] Get child pages
[2023-06-20 11:10:31] [UMID: 19050fa119] [INFO]: [getChildPages] Get child pages
[2023-06-20 11:10:31] [UMID: 19050fa119] [INFO]: [getChildPages] Get child pages
[2023-06-20 11:10:32] [UMID: 19050fa119] [INFO]: [getChildPages] Get child pages
[2023-06-20 11:10:32] [UMID: 19050fa119] [INFO]: [getChildPages] Get child pages
[2023-06-20 11:10:33] [UMID: 19050fa119] [INFO]: [getChildPages] Get child pages
[2023-06-20 11:10:34] [UMID: 19050fa119] [INFO]: [getChildPages] Get child pages
[2023-06-20 11:10:34] [UMID: 19050fa119] [INFO]: [getChildPages] Get child pages
[2023-06-20 11:10:35] [UMID: 19050fa119] [INFO]: [getChildPages] Get child pages
[2023-06-20 11:10:35] [UMID: 19050fa119] [INFO]: [getChildPages] Get child pages
[2023-06-20 11:10:36] [UMID: 19050fa119] [INFO]: [getChildPages] Get child pages
[2023-06-20 11:10:36] [UMID: 19050fa119] [INFO]: [getChildPages] Get child pages
[2023-06-20 11:10:37] [UMID: 19050fa119] [INFO]: [getSite] Get site
[2023-06-20 11:10:38] [UMID: 19050fa119] [INFO]: [getGraphToken] get Token
[2023-06-20 11:10:39] [UMID: 19050fa119] [INFO]: [getPalette] Call method Anthem
[2023-06-20 11:10:39] [UMID: 19050fa119] [INFO]: [getParentPages] Get main Section
[2023-06-20 11:10:41] [UMID: 19050fa119] [INFO]: [createMenu] Upload Logo menu
[2023-06-20 11:10:41] [UMID: 19050fa119] [INFO]: [uploadPicturesFromSections] Start upload image
[2023-06-20 11:10:41] [UMID: 19050fa119] [INFO]: [media] Found new image
[2023-06-20 11:10:41] [UMID: 19050fa119] [INFO]: [getPisturesUrl] Created url pictures: https://s3.amazonaws.com/media.cloversites.com/16/1603d3a4-665b-4e22-bc3b-6193818253f6/site-images/f023a505-b652-4878-b713-03d28ed76a26.png Type folder main
[2023-06-20 11:10:41] [UMID: 19050fa119] [INFO]: [uploadPicturesFromSections] Check image address
[2023-06-20 11:10:41] [UMID: 19050fa119] [INFO]: [downloadImage] Loading a picture
[2023-06-20 11:10:42] [UMID: 19050fa119] [INFO]: [media] Upload image response: {"id":4308945,"uid":"17c71b9138e9765c83b37d586141faae8ec062ef89527b1a3c868e1eb35fd205","name":"007522a391a7727b125862d7f146f1c6.png","filename":"f023a505-b652-4878-b713-03d28ed76a26.png"}
[2023-06-20 11:10:42] [UMID: 19050fa119] [INFO]: [media] Success upload image fileName: f023a505-b652-4878-b713-03d28ed76a26.png srcName: 007522a391a7727b125862d7f146f1c6.png
[2023-06-20 11:10:44] [UMID: 19050fa119] [INFO]: [createBlankPages] Start created pages
[2023-06-20 11:10:44] [UMID: 19050fa119] [INFO]: [createBlankPages] Success created pages | ID: 2802 | Name page: home | Slug: home
[2023-06-20 11:10:44] [UMID: 19050fa119] [INFO]: [createBlankPages] Success created pages | ID: 878625 | Name page: live | Slug: live
[2023-06-20 11:10:44] [UMID: 19050fa119] [INFO]: [createBlankPages] Start created pages
[2023-06-20 11:10:44] [UMID: 19050fa119] [INFO]: [createBlankPages] Success created pages | ID: 2807 | Name page: our mission & vision | Slug: our-mission-vision
[2023-06-20 11:10:44] [UMID: 19050fa119] [INFO]: [createBlankPages] Success created pages | ID: 2810 | Name page: what we believe | Slug: what-we-believe
[2023-06-20 11:10:44] [UMID: 19050fa119] [INFO]: [createBlankPages] Success created pages | ID: 2811 | Name page: leadership team | Slug: leadership-team
[2023-06-20 11:10:44] [UMID: 19050fa119] [INFO]: [createBlankPages] Success created pages | ID: 257956 | Name page: resources | Slug: resources
[2023-06-20 11:10:44] [UMID: 19050fa119] [INFO]: [createBlankPages] Start created pages
[2023-06-20 11:10:44] [UMID: 19050fa119] [INFO]: [createBlankPages] Success created pages | ID: 2816 | Name page: sunday gatherings | Slug: sunday-gatherings
[2023-06-20 11:10:44] [UMID: 19050fa119] [INFO]: [createBlankPages] Success created pages | ID: 2812 | Name page: community groups | Slug: community-groups
[2023-06-20 11:10:44] [UMID: 19050fa119] [INFO]: [createBlankPages] Success created pages | ID: 2809 | Name page: serve | Slug: serve
[2023-06-20 11:10:44] [UMID: 19050fa119] [INFO]: [createBlankPages] Success created pages | ID: 240905 | Name page: podcasts | Slug: podcasts
[2023-06-20 11:10:44] [UMID: 19050fa119] [INFO]: [createBlankPages] Success created pages | ID: 2805 | Name page: give | Slug: give
[2023-06-20 11:10:44] [UMID: 19050fa119] [INFO]: [createMenuStructure] Create menu structure
[2023-06-20 11:10:44] [UMID: 19050fa119] [INFO]: [createMenu] Request to create menu
[2023-06-20 11:10:44] [UMID: 19050fa119] [INFO]: [createMenu] Created menu
[2023-06-20 11:10:44] [UMID: 19050fa119] [PROCESS]: [MAIN Foreach] Take page | ID: 2802
[2023-06-20 11:10:44] [UMID: 19050fa119] [INFO]: [getItemsFromPage] Parent Page id: 2802 | Name page: home | Slug: home
[2023-06-20 11:10:47] [UMID: 19050fa119] [INFO]: [getItemsFromPage] Collection of item id: 9829 -> Parent page id:2802
[2023-06-20 11:10:48] [UMID: 19050fa119] [INFO]: [getSectionsItems] Get item | id: 21759022 from section id: 9829
[2023-06-20 11:10:49] [UMID: 19050fa119] [INFO]: [getItemLink] Get link for item: sunday-gatherings
[2023-06-20 11:10:49] [UMID: 19050fa119] [INFO]: [getSectionsItems] Get item | id: 7050910 from section id: 9829
[2023-06-20 11:10:49] [UMID: 19050fa119] [INFO]: [getSectionsItems] Get item | id: 10936007 from section id: 9829
[2023-06-20 11:10:50] [UMID: 19050fa119] [INFO]: [getSectionsItems] Get item | id: 701192 from section id: 9829
[2023-06-20 11:10:50] [UMID: 19050fa119] [INFO]: [getSectionsItems] Get item | id: 10936008 from section id: 9829
[2023-06-20 11:10:51] [UMID: 19050fa119] [INFO]: [getSectionsItems] Get item | id: 10936009 from section id: 9829
[2023-06-20 11:10:51] [UMID: 19050fa119] [INFO]: [getItemsFromPage] Collection of item id: 9830 -> Parent page id:2802
[2023-06-20 11:10:52] [UMID: 19050fa119] [INFO]: [getSectionsItems] Get item | id: 38791 from section id: 9830
[2023-06-20 11:10:53] [UMID: 19050fa119] [INFO]: [getSectionsItems] Get item | id: 38790 from section id: 9830
[2023-06-20 11:10:53] [UMID: 19050fa119] [INFO]: [getSectionsItems] Get item | id: 38792 from section id: 9830
[2023-06-20 11:10:54] [UMID: 19050fa119] [INFO]: [getItemsFromPage] Collection of item id: 9861 -> Parent page id:2802
[2023-06-20 11:10:54] [UMID: 19050fa119] [INFO]: [getSectionsItems] Get item | id: 38946 from section id: 9861
[2023-06-20 11:10:55] [UMID: 19050fa119] [INFO]: [getSectionsItems] Get item | id: 536358 from section id: 9861
[2023-06-20 11:10:55] [UMID: 19050fa119] [INFO]: [getSectionsItems] Get item | id: 38948 from section id: 9861
[2023-06-20 11:10:56] [UMID: 19050fa119] [INFO]: [getSectionsItems] Get item | id: 38951 from section id: 9861
[2023-06-20 11:10:56] [UMID: 19050fa119] [INFO]: [getSectionsItems] Get item | id: 536434 from section id: 9861
[2023-06-20 11:10:57] [UMID: 19050fa119] [INFO]: [getSectionsItems] Get item | id: 38950 from section id: 9861
[2023-06-20 11:10:57] [UMID: 19050fa119] [INFO]: [getSectionsItems] Get item | id: 536437 from section id: 9861
[2023-06-20 11:10:59] [UMID: 19050fa119] [INFO]: [getItemLink] Get link for item: about-us
[2023-06-20 11:10:59] [UMID: 19050fa119] [INFO]: [getSectionsItems] Get item | id: 536436 from section id: 9861
[2023-06-20 11:10:59] [UMID: 19050fa119] [INFO]: [getSectionsItems] Get item | id: 536435 from section id: 9861
[2023-06-20 11:11:00] [UMID: 19050fa119] [INFO]: [getSectionsItems] Get item | id: 536361 from section id: 9861
[2023-06-20 11:11:01] [UMID: 19050fa119] [INFO]: [getItemLink] Get link for item: sunday-gatherings
[2023-06-20 11:11:01] [UMID: 19050fa119] [INFO]: [getSectionsItems] Get item | id: 536360 from section id: 9861
[2023-06-20 11:11:01] [UMID: 19050fa119] [INFO]: [getSectionsItems] Get item | id: 536359 from section id: 9861
[2023-06-20 11:11:02] [UMID: 19050fa119] [INFO]: [getSectionsItems] Get item | id: 123716 from section id: 9861
[2023-06-20 11:11:02] [UMID: 19050fa119] [INFO]: [getSectionsItems] Get item | id: 123715 from section id: 9861
[2023-06-20 11:11:03] [UMID: 19050fa119] [INFO]: [getSectionsItems] Get item | id: 123714 from section id: 9861
[2023-06-20 11:11:03] [UMID: 19050fa119] [INFO]: [getSectionsItems] Get item | id: 123701 from section id: 9861
[2023-06-20 11:11:04] [UMID: 19050fa119] [INFO]: [getSectionsItems] Get item | id: 123700 from section id: 9861
[2023-06-20 11:11:05] [UMID: 19050fa119] [INFO]: [getSectionsItems] Get item | id: 123699 from section id: 9861
[2023-06-20 11:11:05] [UMID: 19050fa119] [INFO]: [getSectionsItems] Get item | id: 38963 from section id: 9861
[2023-06-20 11:11:06] [UMID: 19050fa119] [INFO]: [getSectionsItems] Get item | id: 38962 from section id: 9861
[2023-06-20 11:11:06] [UMID: 19050fa119] [INFO]: [getSectionsItems] Get item | id: 38961 from section id: 9861
[2023-06-20 11:11:07] [UMID: 19050fa119] [INFO]: [getSectionsItems] Get item | id: 38960 from section id: 9861
[2023-06-20 11:11:07] [UMID: 19050fa119] [INFO]: [getSectionsItems] Get item | id: 38959 from section id: 9861
[2023-06-20 11:11:08] [UMID: 19050fa119] [INFO]: [getSectionsItems] Get item | id: 38958 from section id: 9861
[2023-06-20 11:11:08] [UMID: 19050fa119] [INFO]: [getSectionsItems] Get item | id: 38957 from section id: 9861
[2023-06-20 11:11:10] [UMID: 19050fa119] [INFO]: [getItemLink] Get link for item: sunday-gatherings
[2023-06-20 11:11:10] [UMID: 19050fa119] [INFO]: [getSectionsItems] Get item | id: 38956 from section id: 9861
[2023-06-20 11:11:10] [UMID: 19050fa119] [INFO]: [getSectionsItems] Get item | id: 38955 from section id: 9861
[2023-06-20 11:11:11] [UMID: 19050fa119] [INFO]: [getSectionsItems] Get item | id: 38954 from section id: 9861
[2023-06-20 11:11:11] [UMID: 19050fa119] [INFO]: [getSectionsItems] Get item | id: 38953 from section id: 9861
[2023-06-20 11:11:12] [UMID: 19050fa119] [INFO]: [getSectionsItems] Get item | id: 38952 from section id: 9861
[2023-06-20 11:11:12] [UMID: 19050fa119] [INFO]: [getItemsFromPage] Collection of item id: 137393 -> Parent page id:2802
[2023-06-20 11:11:13] [UMID: 19050fa119] [INFO]: [getSectionsItems] Get item | id: 575395 from section id: 137393
[2023-06-20 11:11:13] [UMID: 19050fa119] [INFO]: [getSectionsItems] Get item | id: 575427 from section id: 137393
[2023-06-20 11:11:14] [UMID: 19050fa119] [INFO]: [getSectionsItems] Get item | id: 575396 from section id: 137393
[2023-06-20 11:11:14] [UMID: 19050fa119] [INFO]: [getSectionsItems] Get item | id: 575397 from section id: 137393
[2023-06-20 11:11:15] [UMID: 19050fa119] [INFO]: [getSectionsItems] Get item | id: 575428 from section id: 137393
[2023-06-20 11:11:16] [UMID: 19050fa119] [INFO]: [uploadPicturesFromSections] Start upload image
[2023-06-20 11:11:16] [UMID: 19050fa119] [INFO]: [media] Found new image
[2023-06-20 11:11:16] [UMID: 19050fa119] [INFO]: [getPisturesUrl] Created url pictures: https://s3.amazonaws.com/media.cloversites.com/16/1603d3a4-665b-4e22-bc3b-6193818253f6/gallery/slides/5acf3cab-8bb7-4a2b-b252-776dbc622217.jpg Type folder gallery-layout
[2023-06-20 11:11:16] [UMID: 19050fa119] [INFO]: [uploadPicturesFromSections] Check image address
[2023-06-20 11:11:16] [UMID: 19050fa119] [INFO]: [downloadImage] Loading a picture
[2023-06-20 11:11:18] [UMID: 19050fa119] [INFO]: [media] Upload image response: {"id":4308946,"uid":"a549218f1ef756cba9d788d442fb0d2e6b749b5926a787399b4723afe288cbd6","name":"0572de65f250fb50941de6e6ea6e8af9.jpg","filename":"5acf3cab-8bb7-4a2b-b252-776dbc622217.jpg"}
[2023-06-20 11:11:18] [UMID: 19050fa119] [INFO]: [media] Success upload image fileName: 5acf3cab-8bb7-4a2b-b252-776dbc622217.jpg srcName: 0572de65f250fb50941de6e6ea6e8af9.jpg
[2023-06-20 11:11:18] [UMID: 19050fa119] [INFO]: [media] Found new image
[2023-06-20 11:11:18] [UMID: 19050fa119] [INFO]: [getPisturesUrl] Created url pictures: https://s3.amazonaws.com/media.cloversites.com/16/1603d3a4-665b-4e22-bc3b-6193818253f6/gallery/slides/15b2243b-a4ab-4538-90a0-bd164d03ab89.jpg Type folder gallery-layout
[2023-06-20 11:11:18] [UMID: 19050fa119] [INFO]: [uploadPicturesFromSections] Check image address
[2023-06-20 11:11:18] [UMID: 19050fa119] [INFO]: [downloadImage] Loading a picture
[2023-06-20 11:11:20] [UMID: 19050fa119] [INFO]: [media] Upload image response: {"id":4308947,"uid":"5d4345cb159f4575d9b9072dca057f8ed159f1f8cee8b2a3bf8a3c47563a76a8","name":"86a06a59c508b750ad7151d6f1ba6fbc.jpg","filename":"15b2243b-a4ab-4538-90a0-bd164d03ab89.jpg"}
[2023-06-20 11:11:20] [UMID: 19050fa119] [INFO]: [media] Success upload image fileName: 15b2243b-a4ab-4538-90a0-bd164d03ab89.jpg srcName: 86a06a59c508b750ad7151d6f1ba6fbc.jpg
[2023-06-20 11:11:20] [UMID: 19050fa119] [INFO]: [media] Found new image
[2023-06-20 11:11:20] [UMID: 19050fa119] [INFO]: [getPisturesUrl] Created url pictures: https://s3.amazonaws.com/media.cloversites.com/16/1603d3a4-665b-4e22-bc3b-6193818253f6/gallery/slides/1a2304cd-32ba-4843-8567-a609ffcfee90.jpeg Type folder gallery-layout
[2023-06-20 11:11:20] [UMID: 19050fa119] [INFO]: [uploadPicturesFromSections] Check image address
[2023-06-20 11:11:20] [UMID: 19050fa119] [INFO]: [downloadImage] Loading a picture
[2023-06-20 11:11:22] [UMID: 19050fa119] [INFO]: [media] Upload image response: {"id":4308948,"uid":"5a6f8f83852e4ee5f362e872e58eb4493deceb2703a64e44c50e25cb21abcc3e","name":"439ad86b2bb9587d42ebcd379c35c1be.jpg","filename":"1a2304cd-32ba-4843-8567-a609ffcfee90.jpeg"}
[2023-06-20 11:11:22] [UMID: 19050fa119] [INFO]: [media] Success upload image fileName: 1a2304cd-32ba-4843-8567-a609ffcfee90.jpeg srcName: 439ad86b2bb9587d42ebcd379c35c1be.jpg
[2023-06-20 11:11:22] [UMID: 19050fa119] [INFO]: [media] Found new image
[2023-06-20 11:11:22] [UMID: 19050fa119] [INFO]: [getPisturesUrl] Created url pictures: https://s3.amazonaws.com/media.cloversites.com/16/1603d3a4-665b-4e22-bc3b-6193818253f6/gallery/slides/c435743b-a800-402e-be76-56b23bd44108.jpg Type folder gallery-layout
[2023-06-20 11:11:22] [UMID: 19050fa119] [INFO]: [uploadPicturesFromSections] Check image address
[2023-06-20 11:11:22] [UMID: 19050fa119] [INFO]: [downloadImage] Loading a picture
[2023-06-20 11:11:25] [UMID: 19050fa119] [INFO]: [media] Upload image response: {"id":4308949,"uid":"c1bc1330de77d40c397e9bb158bd2964e1b237cacb5f1a69619d658efdbafc40","name":"2e831f1d106dfdd40f360759503e9b95.jpg","filename":"c435743b-a800-402e-be76-56b23bd44108.jpg"}
[2023-06-20 11:11:25] [UMID: 19050fa119] [INFO]: [media] Success upload image fileName: c435743b-a800-402e-be76-56b23bd44108.jpg srcName: 2e831f1d106dfdd40f360759503e9b95.jpg
[2023-06-20 11:11:25] [UMID: 19050fa119] [INFO]: [media] Found new image
[2023-06-20 11:11:25] [UMID: 19050fa119] [INFO]: [getPisturesUrl] Created url pictures: https://s3.amazonaws.com/media.cloversites.com/16/1603d3a4-665b-4e22-bc3b-6193818253f6/gallery/slides/84f394d5-ce01-491a-8395-34221b992f88.jpg Type folder gallery-layout
[2023-06-20 11:11:25] [UMID: 19050fa119] [INFO]: [uploadPicturesFromSections] Check image address
[2023-06-20 11:11:25] [UMID: 19050fa119] [INFO]: [downloadImage] Loading a picture
[2023-06-20 11:11:27] [UMID: 19050fa119] [INFO]: [media] Upload image response: {"id":4308950,"uid":"be4a2f1dcd7a9b6c21abb88cd3a465a445f4108718738f10d873bbf4951885cd","name":"32364ef8fbde0c5bdb27b57b52936532.jpg","filename":"84f394d5-ce01-491a-8395-34221b992f88.jpg"}
[2023-06-20 11:11:27] [UMID: 19050fa119] [INFO]: [media] Success upload image fileName: 84f394d5-ce01-491a-8395-34221b992f88.jpg srcName: 32364ef8fbde0c5bdb27b57b52936532.jpg
[2023-06-20 11:11:27] [UMID: 19050fa119] [INFO]: [media] Found new image
[2023-06-20 11:11:27] [UMID: 19050fa119] [INFO]: [getPisturesUrl] Created url pictures: https://s3.amazonaws.com/media.cloversites.com/16/1603d3a4-665b-4e22-bc3b-6193818253f6/gallery/slides/75ce356b-ce68-445a-aa23-0b8beb2ecaf9.jpg Type folder gallery-layout
[2023-06-20 11:11:27] [UMID: 19050fa119] [INFO]: [uploadPicturesFromSections] Check image address
[2023-06-20 11:11:27] [UMID: 19050fa119] [INFO]: [downloadImage] Loading a picture
[2023-06-20 11:11:29] [UMID: 19050fa119] [INFO]: [media] Upload image response: {"id":4308951,"uid":"27f20e9ac819d6530f772d60a325c246aaa87c4b72056c842f4b125bd0d7605c","name":"73cbba282b29b4ee26ff1ec1c2571903.jpg","filename":"75ce356b-ce68-445a-aa23-0b8beb2ecaf9.jpg"}
[2023-06-20 11:11:29] [UMID: 19050fa119] [INFO]: [media] Success upload image fileName: 75ce356b-ce68-445a-aa23-0b8beb2ecaf9.jpg srcName: 73cbba282b29b4ee26ff1ec1c2571903.jpg
[2023-06-20 11:11:29] [UMID: 19050fa119] [INFO]: [uploadPicturesFromSections] Found background image
[2023-06-20 11:11:29] [UMID: 19050fa119] [INFO]: [uploadPicturesFromSections] Check image address
[2023-06-20 11:11:29] [UMID: 19050fa119] [INFO]: [downloadImage] Loading a picture
[2023-06-20 11:11:32] [UMID: 19050fa119] [INFO]: [uploadPicturesFromSections] Upload image response: {"id":4308952,"uid":"477cd06f961385f205602508742593262071983a32ab00a3f3aa5984166d4b5c","name":"0c8710247073f7f493402f7877ced1f8.jpg","filename":"546f0385-0c68-4dfb-8705-817ca3ba0da9.jpg"}
[2023-06-20 11:11:32] [UMID: 19050fa119] [INFO]: [uploadPicturesFromSections] Success upload image fileName: 546f0385-0c68-4dfb-8705-817ca3ba0da9.jpg srcName: 0c8710247073f7f493402f7877ced1f8.jpg
[2023-06-20 11:11:32] [UMID: 19050fa119] [INFO]: [media] Found new image
[2023-06-20 11:11:32] [UMID: 19050fa119] [INFO]: [getPisturesUrl] Created url pictures: https://s3.amazonaws.com/media.cloversites.com/16/1603d3a4-665b-4e22-bc3b-6193818253f6/site-images/5dfaed22-8a30-48d5-92a8-47dcb0ccf684.jpg Type folder left-media
[2023-06-20 11:11:32] [UMID: 19050fa119] [INFO]: [uploadPicturesFromSections] Check image address
[2023-06-20 11:11:32] [UMID: 19050fa119] [INFO]: [downloadImage] Loading a picture
[2023-06-20 11:11:33] [UMID: 19050fa119] [INFO]: [media] Upload image response: {"id":4308953,"uid":"91e9bd5c8e01140f073d865be16e090a0c1c414895416ed203e2e2d8f4eac42a","name":"9630b3829fe21109f768af1df46063b7.jpg","filename":"5dfaed22-8a30-48d5-92a8-47dcb0ccf684.jpg"}
[2023-06-20 11:11:33] [UMID: 19050fa119] [INFO]: [media] Success upload image fileName: 5dfaed22-8a30-48d5-92a8-47dcb0ccf684.jpg srcName: 9630b3829fe21109f768af1df46063b7.jpg
[2023-06-20 11:11:33] [UMID: 19050fa119] [INFO]: [uploadPicturesFromSections] Found background image
[2023-06-20 11:11:33] [UMID: 19050fa119] [INFO]: [uploadPicturesFromSections] Check image address
[2023-06-20 11:11:33] [UMID: 19050fa119] [INFO]: [downloadImage] Loading a picture
[2023-06-20 11:11:35] [UMID: 19050fa119] [INFO]: [uploadPicturesFromSections] Upload image response: {"id":4308954,"uid":"d576a61f867c2f834dfa32f05eace66efb87a53864b86b4a59b8dee84ebde237","name":"6021bbec8f88a962d3bd1d490d693581.jpg","filename":"77d797bd-9447-4584-9697-49033594d87a.jpg"}
[2023-06-20 11:11:35] [UMID: 19050fa119] [INFO]: [uploadPicturesFromSections] Success upload image fileName: 77d797bd-9447-4584-9697-49033594d87a.jpg srcName: 6021bbec8f88a962d3bd1d490d693581.jpg
[2023-06-20 11:11:35] [UMID: 19050fa119] [INFO]: [media] Found new image
[2023-06-20 11:11:35] [UMID: 19050fa119] [INFO]: [getPisturesUrl] Created url pictures: https://s3.amazonaws.com/media.cloversites.com/16/1603d3a4-665b-4e22-bc3b-6193818253f6/site-images/546eead1-b56d-4d4d-829c-713ca328310b.jpg Type folder grid-layout
[2023-06-20 11:11:35] [UMID: 19050fa119] [INFO]: [uploadPicturesFromSections] Check image address
[2023-06-20 11:11:35] [UMID: 19050fa119] [INFO]: [downloadImage] Loading a picture
[2023-06-20 11:11:37] [UMID: 19050fa119] [INFO]: [media] Upload image response: {"id":4308955,"uid":"7d82d831a2f46b3ef8893092a318e0fbabb95be219668219ebc2c1f3455cfb70","name":"00ac8343a86144ebd1c4461cba14d684.jpg","filename":"546eead1-b56d-4d4d-829c-713ca328310b.jpg"}
[2023-06-20 11:11:37] [UMID: 19050fa119] [INFO]: [media] Success upload image fileName: 546eead1-b56d-4d4d-829c-713ca328310b.jpg srcName: 00ac8343a86144ebd1c4461cba14d684.jpg
[2023-06-20 11:11:37] [UMID: 19050fa119] [INFO]: [media] Found new image
[2023-06-20 11:11:37] [UMID: 19050fa119] [INFO]: [getPisturesUrl] Created url pictures: https://s3.amazonaws.com/media.cloversites.com/16/1603d3a4-665b-4e22-bc3b-6193818253f6/site-images/504f8a0b-bc41-468d-8bd5-325a63bfadfa.jpg Type folder grid-layout
[2023-06-20 11:11:37] [UMID: 19050fa119] [INFO]: [uploadPicturesFromSections] Check image address
[2023-06-20 11:11:37] [UMID: 19050fa119] [INFO]: [downloadImage] Loading a picture
[2023-06-20 11:11:38] [UMID: 19050fa119] [INFO]: [media] Upload image response: {"id":4308956,"uid":"ad1d8c5a15da20bfbad1468e7c06b863ef9911365b29bbc156d9aa70b3bbf82d","name":"94c8d3d2da41753da523af17f884f1d3.jpg","filename":"504f8a0b-bc41-468d-8bd5-325a63bfadfa.jpg"}
[2023-06-20 11:11:38] [UMID: 19050fa119] [INFO]: [media] Success upload image fileName: 504f8a0b-bc41-468d-8bd5-325a63bfadfa.jpg srcName: 94c8d3d2da41753da523af17f884f1d3.jpg
[2023-06-20 11:11:38] [UMID: 19050fa119] [INFO]: [media] Found new image
[2023-06-20 11:11:38] [UMID: 19050fa119] [INFO]: [getPisturesUrl] Created url pictures: https://s3.amazonaws.com/media.cloversites.com/16/1603d3a4-665b-4e22-bc3b-6193818253f6/site-images/1354d4aa-0e44-4649-b4b2-74264bef2d9a.jpg Type folder grid-layout
[2023-06-20 11:11:38] [UMID: 19050fa119] [INFO]: [uploadPicturesFromSections] Check image address
[2023-06-20 11:11:38] [UMID: 19050fa119] [INFO]: [downloadImage] Loading a picture
[2023-06-20 11:11:39] [UMID: 19050fa119] [INFO]: [media] Upload image response: {"id":4308957,"uid":"c9e781739c10d1ed0ff2bc6b28afe5384d315a6f6cca97f88f049dfcf34c8cdc","name":"17ff5424e9916fd4580d92949c99f45c.jpg","filename":"1354d4aa-0e44-4649-b4b2-74264bef2d9a.jpg"}
[2023-06-20 11:11:39] [UMID: 19050fa119] [INFO]: [media] Success upload image fileName: 1354d4aa-0e44-4649-b4b2-74264bef2d9a.jpg srcName: 17ff5424e9916fd4580d92949c99f45c.jpg
[2023-06-20 11:11:39] [UMID: 19050fa119] [INFO]: [media] Found new image
[2023-06-20 11:11:39] [UMID: 19050fa119] [INFO]: [getPisturesUrl] Created url pictures: https://s3.amazonaws.com/media.cloversites.com/16/1603d3a4-665b-4e22-bc3b-6193818253f6/site-images/74a013d2-413f-4500-94db-0cb79daa32e8.jpg Type folder grid-layout
[2023-06-20 11:11:39] [UMID: 19050fa119] [INFO]: [uploadPicturesFromSections] Check image address
[2023-06-20 11:11:39] [UMID: 19050fa119] [INFO]: [downloadImage] Loading a picture
[2023-06-20 11:11:41] [UMID: 19050fa119] [INFO]: [media] Upload image response: {"id":4308958,"uid":"bfa1a4402f64136fb4798f3785194f02c8ee9437c31f22815cb748bc7813f251","name":"3d83d254921fa25d56c76fe3f008f6e8.jpg","filename":"74a013d2-413f-4500-94db-0cb79daa32e8.jpg"}
[2023-06-20 11:11:41] [UMID: 19050fa119] [INFO]: [media] Success upload image fileName: 74a013d2-413f-4500-94db-0cb79daa32e8.jpg srcName: 3d83d254921fa25d56c76fe3f008f6e8.jpg
[2023-06-20 11:11:41] [UMID: 19050fa119] [INFO]: [setCurrentPageOnWork] Set the current page to work: /collection_items/37961
[2023-06-20 11:11:41] [UMID: 19050fa119] [PROCESS]: [RunPageBuilder] Start Builder
[2023-06-20 11:11:41] [UMID: 19050fa119] [PROCESS]: [Anthem Builder] Connected!
[2023-06-20 11:11:41] [UMID: 19050fa119] [INFO]: [Anthem] [__construct] File exist: D:\SOFT\OSPanel\domains\MB-migration\src\Builder\Layout\Anthem\blocksKit.json
[2023-06-20 11:11:41] [UMID: 19050fa119] [INFO]: [Anthem] [createMenu] Create block menu
[2023-06-20 11:11:41] [UMID: 19050fa119] [INFO]: [Anthem] [__construct] Success create MENU
[2023-06-20 11:11:41] [UMID: 19050fa119] [INFO]: [Anthem] [createFooter] Create Footer
[2023-06-20 11:11:41] [UMID: 19050fa119] [INFO]: [Anthem] [replaceParagraphs] Replace Paragraph: <p style="font-weight: 600;"><a style="color: rgb(70, 109, 181); font-size: 4em;" class="socialIconSymbol cloverlinks" href="http://facebook.com/anthologychurch" data-location="external" data-detail="http://facebook.com/anthologychurch" data-category="link" target="_blank"></a><span class="clovercustom" style="font-size: 2em;">&nbsp;&nbsp;<a style="color: rgb(209, 129, 0); font-size: 2em;" class="socialIconSymbol cloverlinks" href="http://instagram.com/anthologychurch" data-location="external" data-detail="http://instagram.com/anthologychurch" data-category="link" target="_blank"></a>&nbsp;&nbsp;</span><a href="http://twitter.com/anthologychurch" data-location="external" data-detail="http://twitter.com/anthologychurch" data-category="link" target="_blank" class="cloverlinks" style="font-size: 2em;"><span class="socialIconSymbol clovercustom" style="color: rgb(86, 174, 237);"></span></a></p><p style="font-weight: 600;"><br></p><p style="font-weight: 600;">Anthology Church of Studio City<br></p><p style="font-weight: 600;"><a href="mailto:info@anthologychurch.com">info@anthologychurch.com</a> - 818-468-6693</p>
[2023-06-20 11:11:41] [UMID: 19050fa119] [INFO]: [ItemsBuilder] Current Page: /collection_items/37961 | Slug: home
[2023-06-20 11:11:41] [UMID: 19050fa119] [INFO]: [Anthem] [callDynamicMethod] Call method gallery_layout
[2023-06-20 11:11:41] [UMID: 19050fa119] [INFO]: [Anthem] [gallery_layout] Create bloc
[2023-06-20 11:11:41] [UMID: 19050fa119] [INFO]: [Anthem] [callDynamicMethod] Call method left_media
[2023-06-20 11:11:41] [UMID: 19050fa119] [INFO]: [Anthem] [left_media] Create bloc
[2023-06-20 11:11:41] [UMID: 19050fa119] [INFO]: [Anthem] [left_media] Set background
[2023-06-20 11:11:41] [UMID: 19050fa119] [INFO]: [Anthem] [replaceTitleTag] Replace Title Tag: <p>For god, for <span class="clovercustom" style="color: rgb(0, 52, 130);">the</span> city,</p><p>for you &amp; your family</p>
[2023-06-20 11:11:41] [UMID: 19050fa119] [INFO]: [Anthem] [replaceParagraphs] Replace Paragraph: <p style="color: rgb(0, 51, 128); font-weight: 600; font-size: 1.1333em;">Anthology Church of Studio City exists to be a blessing: to God, to each other, to our neighborhood, and to our city. Its a place for everyone to come and discover <span class="clovercustom" style="color: rgb(0, 51, 128);">together</span> what Jesus says about life, purpose, and where you fit in.</p><p style="color: rgb(0, 51, 128); font-weight: 600; font-size: 1.1333em;"><br></p><p style="color: rgb(0, 51, 128); font-weight: 600; font-size: 1.1333em;">We hope youl<span class="clovercustom" style="color: rgb(0, 51, 128);">l </span><a href="/gatherings/sunday-gatherings" data-location="existing" data-detail="2816" data-category="link" target="_self" class="cloverlinks"><span class="clovercustom" style="color: rgb(0, 51, 128);">join us Sundays 10am at the Studio City Recreation Center (Beeman Park)</span></a><span class="clovercustom" style="color: rgb(0, 51, 128);">.</span> Click around our website for all the information you need. Or start with the buttons below for quick links.</p>
[2023-06-20 11:11:41] [UMID: 19050fa119] [INFO]: [Anthem] [callDynamicMethod] Call method grid_layout
[2023-06-20 11:11:41] [UMID: 19050fa119] [INFO]: [Anthem] [grid_layout] Create bloc
[2023-06-20 11:11:41] [UMID: 19050fa119] [ErrorDump]: [createDump] FATAL 247_4306588_19050fa119
[2023-06-20 11:11:41] [UMID: 19050fa119] [ErrorDump]: [createDump] Details: D:\SOFT\OSPanel\domains\MB-migration\src\Core/../../tmp/247_4306588_19050fa119/log/dump/2023-06-20_11-11-41.txt
[2023-06-20 11:11:41] [UMID: 19050fa119] [ErrorDump]: [END] -= PROCESS =- [END] 
